drews 1.0
7 837
0.555544 0 0
0.632654 -0.774239 0.0174088
-0.774364 -0.632132 0.0277659
-0.0104927 -0.031047 -0.999463
-4.83154 -14.0123 198.101
0.555544 0 0
0.778157 -0.627971 -0.0111164
-0.628067 -0.777978 -0.0168039
0.00190405 0.0200579 -0.999797
29.7593 -13.5664 198.741
0.555544 0 0
0.692357 -0.721537 -0.00520309
-0.721181 -0.692212 0.0272019
-0.0232288 -0.0150811 -0.999617
-24.2841 -37.8607 197.885
0.555544 0 0
0.647734 -0.761627 0.0191277
-0.761839 -0.647292 0.0247633
-0.00647919 -0.0306123 -0.99951
-7.2619 -40.0258 197.453
0.555544 0 0
0.753518 -0.657358 -0.00956906
-0.657409 -0.753309 -0.0184093
0.00489304 0.0201625 -0.999785
28.0281 -0.726362 198.35
0.555544 0 0
0.729643 -0.683775 -0.00854724
-0.683827 -0.729606 -0.00746559
-0.00113134 0.0112921 -0.999936
28.9154 -31.0352 198.263
0.555544 0 0
0.669416 -0.74267 0.0179553
-0.742838 -0.6689 0.0276486
-0.00852348 -0.0318463 -0.999456
-5.16657 -27.3482 197.824
6.82289 -15.863 161.019
152 175 97
2 0 504 0 6 711 0
7.1905 -46.1045 157.837
172 156 169
2 6 531 0 3 747 0
-10.8649 0.862831 162.015
185 178 186
2 0 1299 0 6 1393 0
-16.8137 -20.8762 161.799
112 136 60
2 0 370 0 6 491 0
-14.8476 -33.1673 160.987
132 140 93
2 2 1088 0 3 1065 0
-18.8395 -18.2343 161.865
112 137 69
4 6 1591 0 2 1459 0 3 1574 0 5 1674 0
-10.8076 -44.03 160.305
177 169 180
3 6 1290 0 2 1225 0 3 1310 0
-22.8415 -31.0882 161.719
115 127 63
2 2 1134 0 3 926 0
-15.3657 -20.3485 161.962
116 134 76
2 6 1347 0 3 1339 0
-26.2033 -42.2346 161.94
163 153 144
2 2 888 0 3 794 0
-10.4282 -5.27355 162.06
114 136 74
3 6 1374 0 4 1514 0 1 1506 0
-0.745642 1.61542 161.938
152 169 114
2 4 1397 0 1 1380 0
2.25829 -28.5604 160.387
186 178 189
2 6 1251 0 2 1181 0
-5.78602 -41.1393 160.299
131 130 100
2 2 618 0 3 656 0
-12.7539 -28.7285 160.787
105 125 56
2 0 810 0 6 713 0
-24.3409 -27.3842 162.071
125 146 77
3 6 660 0 3 719 0 5 1049 0
-24.9873 -26.2175 162.175
116 139 69
4 6 1530 0 2 1410 0 3 1522 0 5 1609 0
-20.9804 -12.7717 162.24
176 168 179
5 0 1329 0 6 1406 0 1 1565 0 3 1407 0 5 1495 0
-5.13194 -37.0539 160.347
158 148 159
4 0 813 0 6 779 0 2 778 0 3 802 0
-21.5029 -11.3823 162.238
188 180 191
3 0 565 0 6 708 0 3 627 0
-16.1462 -1.55447 164.968
39 56 40
2 0 1482 0 6 1578 0
-28.334 -26.1919 162.15
184 171 181
2 3 1595 0 5 1722 0
-3.91732 -38.283 160.284
143 132 140
2 6 1215 0 3 1222 0
2.67194 -20.3475 160.795
119 146 69
2 0 547 0 6 569 0
-16.459 -29.9177 161.464
148 157 112
2 6 1185 0 3 1145 0
-23.4951 -43.9476 161.37
174 166 153
2 2 645 0 3 699 0
-37.6416 -12.333 162.82
94 121 68
2 1 81 0 5 5 0
-3.37583 -18.1775 160.989
148 160 98
2 0 662 0 6 782 0
0.891696 -19.9173 160.758
136 156 85
2 0 335 0 6 416 0
-14.029 -12.0026 161.921
99 112 58
6 0 1100 0 1 986 0 2 1118 0 4 1074 0 5 920 0 6 1114 0
-18.2532 -9.50023 162.282
175 167 180
5 0 1373 0 4 1620 0 6 1471 0 3 1466 0 1 1605 0
-2.79757 0.84485 161.915
175 190 123
2 4 350 0 1 108 0
-21.9352 -34.6438 161.993
104 132 57
2 6 1107 0 3 1166 0
1.30121 -29.4372 160.358
187 180 188
3 6 1222 0 2 1173 0 3 1244 0
-12.3872 -16.2034 161.387
144 152 105
2 6 1197 0 5 1190 0
-21.2774 -8.4278 162.133
40 52 90
3 0 1211 0 6 1296 0 3 1292 0
-17.5951 -15.4352 162.104
28 40 26
3 0 616 0 1 607 0 6 327 0
-5.89475 -23.6609 160.425
150 163 94
4 0 817 0 6 850 0 2 917 0 3 1054 0
1.44214 -44.0128 158.237
201 183 195
2 6 345 0 2 627 0
-13.7611 -52.5674 160.246
213 199 216
2 2 1190 0 3 1293 0
-13.7998 -19.5271 161.641
143 151 102
5 0 646 0 6 655 0 1 788 0 3 679 0 5 503 0
-28.1985 -14.6025 162.219
186 179 187
2 6 1511 0 3 1491 0
-33.606 -27.2602 162.33
173 161 185
2 2 177 0 5 244 0
-32.9892 -37.9978 162.212
116 124 49
2 2 1394 0 3 1513 0
-22.8767 -22.5952 162.238
191 183 164
3 6 308 0 1 456 0 5 146 0
-32.448 -23.1979 162.396
175 169 181
2 6 510 0 2 531 0
-10.6679 -17.7488 161.105
113 130 62
2 6 203 0 3 79 0
3.49745 -17.6391 161.105
145 160 93
2 0 175 0 6 120 0
-31.8202 -25.9383 162.283
92 86 98
4 6 353 0 2 488 0 3 405 0 5 135 0
-30.093 -14.0698 164.934
83 100 56
2 6 1472 0 3 1481 0
-29.5902 -25.8399 162.164
193 176 195
3 2 450 0 3 132 0 5 52 0
-9.39311 -8.9175 161.299
128 140 74
2 0 1230 0 6 1276 0
-8.26131 -2.63966 162.087
117 142 76
3 0 1000 0 4 1163 0 1 983 0
-31.279 -22.3726 162.382
173 161 183
3 2 829 0 3 933 0 5 995 0
-5.85212 4.10684 162.021
60 64 93
3 0 449 0 4 498 0 1 441 0
-17.592 -3.75739 162.097
141 141 167
2 1 226 0 5 322 0
-25.9192 -12.3481 162.161
145 141 155
2 6 792 0 3 805 0
-7.01616 -1.29198 162.102
109 137 76
2 0 118 0 4 7 0
-12.0754 -21.9271 161.169
113 127 65
2 0 68 0 1 428 0
-22.8525 -17.9111 162.214
202 191 197
4 6 1363 0 2 1294 0 3 1288 0 5 1394 0
-2.88165 -27.7504 160.401
102 137 55
3 6 1355 0 2 1243 0 3 1356 0
-16.05 -21.3575 161.979
173 184 126
2 1 200 0 5 606 0
-29.7883 -24.6947 162.319
182 172 180
2 6 986 0 3 980 0
-5.44845 -13.2351 161.69
98 121 69
2 0 430 0 6 84 0
-4.9534 -38.7505 160.305
194 181 201
2 2 1350 0 3 1425 0
16.3356 -25.1325 160.198
219 209 218
2 0 446 0 6 431 0
-17.0156 -31.6157 161.423
141 154 101
2 6 549 0 3 775 0
-16.8438 -20.8498 161.978
106 129 61
4 6 492 0 1 494 0 3 352 0 5 812 0
-25.9741 -20.7403 162.211
203 191 201
4 6 256 0 2 655 0 3 262 0 5 59 0
-13.5591 -21.1524 161.446
135 143 96
2 6 1262 0 2 1194 0
-13.1803 -9.84335 161.956
125 147 75
4 0 815 0 4 724 0 5 603 0 1 706 0
-21.2323 -31.1456 161.919
102 121 57
2 2 470 0 3 433 0
-20.0892 -14.1071 162.257
173 157 160
4 0 331 0 6 243 0 2 361 0 5 155 0
-15.5032 -7.60658 162.211
170 167 176
3 6 521 0 1 672 0 2 525 0
-4.32533 -32.21 160.28
127 148 83
4 0 515 0 6 389 0 2 422 0 3 509 0
-8.27088 -35.588 160.22
121 153 68
4 0 595 0 6 677 0 2 638 0 3 617 0
-1.04286 -21.6809 160.627
137 157 88
2 0 854 0 6 778 0
-6.72127 -11.2329 161.328
127 143 81
2 6 1166 0 1 1315 0
-12.1526 -49.3684 160.301
212 199 217
2 2 1414 0 3 1530 0
-8.40849 -47.2801 161.282
38 61 33
2 6 1391 0 3 1439 0
-13.6079 -25.4263 161.287
103 123 62
2 6 1105 0 3 1154 0
-14.0249 -14.6807 161.774
192 192 158
2 1 1438 0 5 1347 0
-8.59997 -42.6124 160.095
190 184 194
2 6 334 0 3 402 0
-52.9546 12.9979 164.076
181 178 135
2 1 1028 0 5 940 0
-20.8988 -24.5958 161.941
128 158 86
2 1 1430 0 3 894 0
3.50253 -14.2382 161.049
142 158 95
2 0 1229 0 6 1329 0
-24.0507 -22.9538 162.155
186 174 178
3 6 789 0 2 760 0 3 782 0
-7.23294 -12.0432 161.102
163 171 120
2 0 1043 0 4 1290 0
-24.1931 -24.8517 162.169
124 141 87
4 6 1152 0 2 952 0 3 1237 0 5 1403 0
-17.813 -23.2155 161.904
133 152 86
2 3 619 0 5 727 0
-49.4826 -1.19263 163.688
33 51 29
2 1 98 0 5 493 0
-19.3277 -6.52845 162.078
141 142 162
3 6 359 0 3 493 0 5 407 0
2.92289 -11.2415 161.419
156 166 105
2 0 850 0 6 938 0
-4.1498 -31.2248 160.221
116 145 61
4 0 1464 0 6 1566 0 2 1422 0 3 1542 0
-25.5469 -41.0544 161.998
145 143 118
2 2 237 0 3 102 0
-26.8304 -16.066 162.299
183 177 187
3 6 801 0 1 925 0 3 911 0
-7.16762 -31.6292 160.358
131 132 75
3 0 1383 0 6 1489 0 3 1501 0
-24.2318 -42.5271 161.724
182 171 165
2 2 330 0 3 280 0
-5.94809 -22.7312 160.47
146 156 93
3 6 111 0 2 158 0 3 121 0
-34.878 -33.6032 162.278
107 121 72
2 3 368 0 5 162 0
-1.97334 -25.2355 160.495
157 172 105
2 0 1103 0 6 1193 0
-12.0261 -25.0827 160.874
108 122 60
3 6 680 0 2 923 0 3 884 0
-10.8649 0.862831 162.015
185 178 186
2 0 1298 0 6 1392 0
-12.8941 -21.8563 161.294
105 123 61
3 6 1126 0 2 1193 0 3 1208 0
-17.5557 -3.76761 162.031
124 126 147
3 6 351 0 1 227 0 5 323 0
-11.1461 -8.69744 161.769
144 161 93
2 4 316 0 1 41 0
-54.9331 15.7453 164.844
55 73 31
2 1 106 0 5 426 0
-12.9131 -18.0928 161.617
169 180 122
2 1 548 0 5 139 0
-20.1351 -31.8223 161.725
145 158 104
2 6 1012 0 3 1135 0
-5.38002 3.55926 162
183 176 184
2 0 1170 0 4 1318 0
-15.5583 -15.6459 162.042
117 137 65
5 0 1301 0 6 1376 0 1 1362 0 3 1374 0 5 1411 0
-25.114 -38.0445 162.14
194 185 178
2 2 385 0 3 450 0
-25.4481 -21.867 162.209
208 199 204
5 6 295 0 1 423 0 2 294 0 3 397 0 5 318 0
-24.9056 -42.4078 161.794
106 112 64
2 2 1121 0 3 1138 0
-10.0389 1.34663 162.017
76 77 108
2 0 761 0 6 785 0
-12.6042 -13.6721 161.463
104 127 55
2 0 1342 0 6 1372 0
-0.0273446 -26.5564 160.491
118 144 71
2 0 341 0 6 339 0
-16.1933 -26.3424 161.788
129 145 83
3 6 772 0 2 493 0 3 871 0
-0.672645 -31.2918 159.889
193 185 196
2 0 62 0 6 527 0
-31.4852 -23.5164 162.348
156 153 164
4 6 1073 0 2 943 0 3 978 0 5 1066 0
-1.80526 -36.2295 160.368
203 192 190
4 0 527 0 6 342 0 2 181 0 3 503 0
-9.60426 -23.1072 160.579
115 139 63
3 0 1122 0 6 1090 0 2 868 0
-33.7136 -25.022 162.366
143 139 156
2 3 1487 0 5 1566 0
-40.1502 -28.9327 162.373
162 155 171
2 3 739 0 5 1015 0
-25.4214 -16.5513 162.299
194 188 202
3 1 359 0 2 297 0 5 159 0
-4.30234 -28.1122 160.304
114 144 58
3 0 910 0 6 1004 0 3 966 0
-28.4109 -22.4857 162.313
132 125 133
3 6 441 0 3 326 0 5 643 0
-29.4229 -17.2738 162.322
173 167 177
2 6 1228 0 3 1211 0
-20.6514 -13.1659 162.26
201 197 211
3 1 510 0 2 562 0 5 843 0
-22.6122 -25.1042 162.219
127 145 83
2 6 178 0 3 376 0
-8.61207 -2.22602 162.057
176 174 162
2 6 459 0 1 343 0
11.2969 -21.1902 160.451
51 63 105
2 0 30 0 6 67 0
-6.63387 -38.7108 160.424
171 158 176
2 2 723 0 3 1079 0
-29.7841 -16.1626 162.364
186 179 186
2 6 1508 0 3 1495 0
-17.6975 -50.7886 160.396
175 165 189
2 2 1167 0 3 1321 0
-8.44609 -8.48632 161.357
119 136 68
3 0 665 0 4 849 0 6 828 0
-27.1623 -24.0079 162.212
179 168 176
2 6 1131 0 2 1078 0
-16.5076 -11.7386 162.111
116 133 63
7 0 1395 0 1 1647 0 2 1388 0 3 1493 0 4 1659 0 5 1565 0 6 1496 0
2.01311 -17.9664 160.631
140 160 88
2 0 756 0 6 1120 0
0.0839454 0.917887 161.782
179 201 126
2 4 954 0 1 948 0
-3.84076 -52.0655 158.158
84 88 115
2 6 979 0 3 742 0
0.34735 -33.2396 160.208
182 169 186
2 2 763 0 3 704 0
-14.935 -4.89133 162.123
107 108 126
3 0 1227 0 1 1400 0 6 1309 0
-19.561 -19.1727 162.502
193 185 183
2 6 984 0 3 1115 0
-14.0844 -9.29839 162.107
105 133 58
2 0 1390 0 6 1477 0
-18.6839 -7.0141 162.127
63 71 107
5 0 1019 0 4 1217 0 6 1098 0 5 1189 0 1 1175 0
-25.0345 -37.0196 162.109
99 107 58
2 2 641 0 3 593 0
-9.06697 -48.7156 160.573
125 154 90
2 6 1370 0 3 1389 0
-22.9456 -24.4279 162.103
122 130 79
3 2 1411 0 3 1516 0 5 1594 0
-4.53894 4.61767 161.913
98 100 121
2 0 1274 0 1 1455 0
-8.66317 -36.0645 160.393
104 137 56
2 6 1585 0 3 1560 0
-21.4587 -3.46012 164.119
19 29 20
2 0 1323 0 6 1478 0
-26.4558 -17.7208 162.331
197 189 204
3 1 373 0 3 59 0 5 286 0
-27.6833 -44.8673 161.765
115 124 69
2 2 89 0 3 414 0
-12.9087 -51.519 160.285
204 191 201
2 2 800 0 3 849 0
-7.15956 -27.3167 160.103
146 144 87
3 0 952 0 6 1125 0 2 1046 0
-35.0421 -23.5685 162.387
168 161 177
2 3 803 0 5 962 0
-6.40282 -54.4655 159.194
168 154 154
2 6 1541 0 3 1538 0
5.91909 -38.3423 160.225
25 44 12
2 0 492 0 6 150 0
2.9408 -31.1816 160.384
189 178 184
4 0 135 0 6 420 0 2 535 0 3 360 0
-6.44676 -54.5705 159.382
163 149 149
2 6 7 0 3 34 0
-15.5671 -30.6469 161.253
96 105 58
2 2 899 0 3 864 0
6.41604 -38.9217 160.59
89 123 72
2 0 860 0 6 634 0
-35.7439 -21.8489 162.268
59 58 89
2 3 22 0 5 75 0
-18.1733 -15.0311 162.433
32 44 44
2 0 272 0 1 420 0
-14.8106 -19.622 161.879
151 156 115
2 3 996 0 5 1031 0
-15.9724 -47.8602 160.439
156 142 165
2 2 372 0 3 574 0
-11.809 -20.8261 161.032
136 134 95
2 2 1199 0 3 1242 0
-20.4235 -18.3182 162.233
116 135 80
3 6 406 0 1 550 0 5 579 0
-17.71 -20.8048 162.051
134 157 87
3 1 631 0 3 908 0 5 815 0
13.7431 -34.7637 160.05
43 60 41
2 0 431 0 6 456 0
-5.16545 -28.9221 160.36
157 165 108
4 0 1213 0 6 1122 0 2 1280 0 3 1297 0
-21.2262 -31.1452 161.924
100 123 51
2 6 598 0 2 471 0
-7.54284 -7.21847 161.457
162 176 101
2 4 665 0 1 571 0
-32.1426 -21.5733 162.365
189 181 194
3 6 676 0 2 679 0 5 898 0
-6.37559 -29.7177 160.22
136 135 79
2 0 1145 0 6 1259 0
-22.8693 -11.134 162.154
94 96 119
4 6 25 0 1 24 0 3 92 0 5 107 0
-3.27882 -0.0582466 161.864
148 173 92
2 4 950 0 1 931 0
-25.8664 -16.448 162.3
161 149 169
2 2 242 0 5 236 0
-1.70586 -24.2741 160.54
123 151 74
2 6 1058 0 2 1028 0
14.5774 -33.9694 160.614
247 253 255
2 0 491 0 6 826 0
-5.80743 -28.1394 160.228
115 134 68
2 6 1065 0 3 1014 0
-25.5961 -13.6416 162.301
178 171 179
2 6 1592 0 3 1576 0
-15.8318 -27.1086 161.564
99 113 54
2 2 365 0 3 309 0
-17.2197 -5.2832 162.056
61 70 103
3 0 1130 0 6 1183 0 5 1265 0
-33.9775 -27.2279 162.355
168 164 181
2 3 1271 0 5 1309 0
-22.0921 -16.4806 162.277
162 147 150
2 6 1344 0 2 1273 0
-36.5661 -31.4268 162.295
177 163 180
2 2 694 0 3 517 0
-5.91138 -7.75763 162.055
164 176 100
2 4 1803 0 1 1797 0
-26.9054 -30.2459 162.219
112 138 65
2 6 874 0 3 972 0
-8.20846 -18.7748 160.544
128 144 81
3 6 914 0 2 866 0 3 1059 0
-15.873 -18.8411 161.994
179 185 137
2 1 929 0 3 873 0
-8.03236 -39.1573 160.344
205 198 206
3 6 943 0 2 977 0 3 853 0
-23.6919 -11.9123 162.186
197 193 210
3 1 178 0 3 354 0 5 288 0
-9.20555 -24.0944 160.43
141 142 102
2 2 1269 0 3 1352 0
-24.049 -23.7542 162.189
204 190 187
3 6 1415 0 2 1336 0 3 1416 0
-7.27422 -12.9082 161.107
123 143 72
2 0 930 0 6 977 0
-14.3019 -17.6834 161.711
140 156 91
3 0 327 0 2 250 0 3 142 0
-12.4649 -10.3124 162.511
97 117 54
4 0 1506 0 4 1806 0 6 1611 0 1 1800 0
-23.7079 -12.934 162.269
190 184 194
2 0 158 0 3 399 0
-7.99102 -37.1821 160.375
195 176 182
2 2 113 0 3 506 0
-0.212361 -29.579 160.444
201 196 203
3 0 739 0 6 517 0 2 479 0
-7.54284 -7.21847 161.457
162 176 101
2 4 664 0 1 572 0
-8.7286 -11.7896 161.031
116 133 63
5 0 993 0 4 1146 0 6 1165 0 5 1219 0 1 1203 0
-1.30512 -32.9069 160.43
188 180 191
3 6 590 0 2 776 0 3 497 0
4.30443 6.48096 161.727
222 209 193
2 0 571 0 4 272 0
-16.8655 -38.145 160.808
151 165 104
3 6 277 0 2 600 0 3 318 0
-2.9209 -4.99365 161.603
73 87 51
2 0 851 0 4 968 0
-23.0428 -16.3502 162.24
184 171 191
2 2 491 0 3 542 0
-32.3395 -32.0667 162.22
104 114 62
3 2 819 0 3 848 0 5 997 0
-9.33556 -2.57546 162.068
177 170 177
4 0 1413 0 4 1670 0 6 1499 0 1 1617 0
-7.72228 -11.5449 161.142
144 154 93
2 0 655 0 6 620 0
-5.91138 -7.75763 162.055
164 176 100
2 4 1804 0 1 1796 0
-28.8646 -30.0506 162.351
197 191 193
2 2 206 0 3 415 0
-8.48504 -15.1656 160.775
148 157 104
3 6 1317 0 1 1381 0 5 1300 0
6.23768 -19.3948 160.815
34 45 37
2 0 483 0 6 495 0
3.99316 -32.0413 164.221
216 206 214
2 0 563 0 6 552 0
-4.7208 -9.32187 161.424
207 206 176
3 6 285 0 4 175 0 1 363 0
-11.3064 -24.4672 160.7
164 167 114
4 0 939 0 6 1226 0 2 1082 0 3 1261 0
-8.81264 -10.0213 161.061
193 195 132
2 4 761 0 1 697 0
-26.0064 -17.5691 162.354
161 149 169
2 2 53 0 3 147 0
-7.85253 -20.3307 160.718
180 175 137
2 6 1001 0 3 1117 0
-27.5022 -19.487 162.334
159 156 167
4 6 1161 0 1 1248 0 2 1050 0 5 1226 0
-8.29001 -50.5213 160.946
144 161 117
2 6 446 0 3 385 0
-17.0678 -19.1807 162.057
108 130 58
2 6 1389 0 2 1334 0
-4.67714 -36.3582 160.364
147 137 146
3 6 1264 0 2 1155 0 3 1266 0
-19.6332 -15.312 162.305
196 183 175
3 2 15 0 3 204 0 5 188 0
-18.8118 -49.7996 160.339
195 183 203
2 2 1425 0 3 1539 0
-7.26395 -14.1468 160.818
159 174 105
3 4 833 0 5 852 0 1 971 0
0.103545 6.54963 162.009
198 192 202
2 0 241 0 4 6 0
-15.8066 -7.12511 162.073
179 171 182
3 0 1316 0 4 1523 0 6 1413 0
-22.2035 -15.809 162.323
202 192 200
2 6 186 0 3 321 0
-14.2174 -28.9988 161.212
105 133 59
3 6 1306 0 2 1288 0 3 1351 0
-29.5643 -29.8446 162.185
123 134 94
2 3 944 0 5 1170 0
-10.989 -19.8896 160.947
106 122 60
4 6 1337 0 1 1421 0 2 1245 0 3 1327 0
-6.08385 1.76817 161.982
207 201 215
2 4 895 0 1 846 0
-14.4023 -20.3831 161.696
103 121 61
4 6 644 0 1 773 0 3 918 0 5 837 0
-21.5436 -28.9259 162.015
102 132 46
2 6 1078 0 2 1007 0
-9.32273 -59.5226 158.63
37 25 49
2 2 65 0 3 51 0
-22.3101 -43.8132 161.345
113 120 69
2 2 1369 0 3 1458 0
-34.629 -32.4173 162.28
183 166 184
3 2 283 0 3 336 0 5 229 0
-26.6657 -21.3483 162.147
202 191 199
3 6 530 0 2 658 0 3 286 0
-15.1631 -46.3611 160.391
190 175 196
2 2 1197 0 3 1258 0
-25.1341 -39.8478 162.016
111 107 80
2 2 389 0 3 199 0
-19.5373 -7.86303 162.193
202 197 217
2 4 125 0 1 0 0
-22.1974 -19.0068 161.673
191 179 181
4 6 1203 0 1 1148 0 2 1101 0 3 1020 0
-26.2063 -15.3326 162.28
182 177 184
3 6 923 0 1 1088 0 3 957 0
-11.9253 -38.643 160.382
97 132 50
3 6 1366 0 2 1089 0 3 1302 0
-3.2873 -6.6266 161.466
161 168 98
3 0 1204 0 4 1467 0 6 1360 0
-17.2356 -23.9572 161.95
114 137 67
3 6 1265 0 1 1408 0 3 1224 0
3.10723 -17.7908 160.723
149 169 98
2 0 763 0 6 1096 0
-25.9192 -12.3481 162.161
145 141 155
2 6 793 0 3 804 0
-8.76182 -30.2665 160.293
122 143 64
4 0 1007 0 6 1178 0 2 790 0 3 960 0
-34.796 -26.9561 162.36
152 140 164
3 2 911 0 3 937 0 5 952 0
-14.0452 -5.46952 162.146
189 181 192
2 0 637 0 6 650 0
-6.42929 -9.79421 161.287
121 140 61
3 0 318 0 4 86 0 6 71 0
-20.9077 -6.55713 162.08
53 62 103
2 0 1006 0 6 1072 0
-23.7094 -43.2748 161.453
184 172 172
2 2 1395 0 3 1471 0
-35.0524 -20.3718 162.109
194 186 175
2 6 599 0 3 738 0
16.6209 -26.3212 160.404
196 184 188
2 0 124 0 6 663 0
-9.21498 -6.9551 161.539
150 167 97
2 4 227 0 1 414 0
-9.16546 -57.6588 158.933
188 167 182
2 2 540 0 3 624 0
2.21554 -18.625 160.867
128 155 78
2 0 1044 0 6 1104 0
-22.1214 -28.4633 162.024
142 153 93
3 6 868 0 3 905 0 5 1087 0
-14.0369 -0.172036 161.932
190 183 191
2 0 1369 0 6 1451 0
-29.5902 -25.8399 162.164
193 176 195
3 2 451 0 3 133 0 5 51 0
-23.3584 -14.7297 162.32
162 159 170
4 6 1515 0 1 1654 0 3 1500 0 5 1589 0
-24.1865 -16.8256 162.302
196 189 205
3 1 567 0 2 329 0 3 190 0
-13.8129 -18.5893 161.667
112 132 69
2 6 1338 0 3 1349 0
-11.4084 -10.4828 161.062
45 55 31
2 0 597 0 6 439 0
-23.3416 -39.5621 161.641
112 116 66
2 2 1206 0 3 1159 0
-34.6779 -32.9954 162.239
188 181 188
2 3 1199 0 5 1326 0
15.9683 -27.0146 160.094
201 188 195
2 0 537 0 6 429 0
-11.7414 -6.77832 162.048
118 137 73
2 0 1291 0 6 1331 0
-13.7582 -32.0786 160.811
93 124 46
3 6 1034 0 2 1058 0 3 1106 0
-21.1099 -17.0205 162.218
207 185 187
3 1 753 0 3 606 0 5 1034 0
-26.6809 -28.1769 162.205
107 133 62
2 6 1498 0 2 1378 0
-14.6666 -16.0726 161.801
138 146 95
2 0 462 0 2 701 0
-25.1718 -41.491 161.918
160 150 138
2 2 905 0 3 842 0
-4.65234 -34.6213 160.341
197 184 202
2 2 326 0 3 301 0
2.92601 8.19982 161.946
135 125 136
2 0 1015 0 4 203 0
6.42592 -16.4216 161.161
137 155 79
2 0 540 0 6 603 0
0.529256 -39.4407 160.154
89 119 57
3 0 386 0 6 314 0 3 275 0
-23.4422 -37.9847 161.765
218 209 192
2 2 349 0 3 253 0
-32.7778 -18.7845 162.321
61 65 92
2 6 465 0 3 470 0
-9.78793 -45.8258 160.626
114 140 77
2 6 42 0 3 130 0
-31.3742 -20.4697 162.364
185 179 189
4 6 469 0 2 611 0 3 668 0 5 525 0
-8.87359 -27.698 160.332
153 160 108
3 6 1243 0 2 1174 0 3 1250 0
-6.25668 -42.0568 160.509
113 142 75
2 6 1349 0 3 1370 0
-31.9887 -26.8235 162.308
176 164 178
2 3 305 0 5 100 0
-28.3811 -28.5485 162.207
119 132 88
2 3 82 0 5 165 0
-21.6391 -6.56523 162.26
19 34 29
2 0 493 0 3 537 0
-12.7837 -28.6434 160.89
92 104 54
2 2 431 0 3 555 0
-26.2913 -24.4104 162.221
174 162 172
2 3 52 0 5 166 0
-14.3153 -28.1361 161.239
141 151 99
3 6 757 0 2 821 0 3 994 0
-7.58051 -23.8445 160.407
150 149 101
2 6 1225 0 2 1119 0
-2.40155 -35.4873 160.065
198 191 199
2 6 1117 0 3 1124 0
-32.0287 -17.3979 162.243
185 181 180
2 6 1007 0 3 1078 0
-29.0753 -18.4601 162.339
182 179 190
5 6 744 0 1 815 0 2 753 0 3 716 0 5 855 0
-19.0314 -17.8282 162.132
141 164 96
2 1 932 0 5 870 0
-21.3481 -15.7958 162.273
177 161 162
2 0 1181 0 6 1283 0
-1.68581 -44.8648 157.516
38 55 21
2 6 1618 0 3 1597 0
-16.9708 -14.6568 162.083
112 134 62
3 6 641 0 1 851 0 3 628 0
-31.3918 -21.566 162.377
163 157 169
4 6 592 0 2 304 0 3 682 0 5 798 0
-1.64466 7.03353 162.119
172 164 175
2 0 230 0 4 529 0
-24.2339 -15.7789 162.403
165 159 171
3 6 1403 0 3 1354 0 5 1469 0
-18.1645 -6.35756 162.131
65 68 99
3 0 85 0 4 212 0 1 184 0
-2.40155 -35.4873 160.065
198 191 199
2 6 1116 0 3 1125 0
-20.8264 -43.3218 160.974
126 128 79
2 2 1244 0 3 1278 0
-22.5358 -23.1425 162.222
110 120 68
2 2 837 0 3 947 0
-30.6884 -19.4172 162.356
167 161 173
3 6 597 0 3 673 0 5 534 0
-8.68249 -41.4096 160.289
180 172 183
2 6 453 0 2 544 0
-0.485074 -35.1657 160.313
195 184 182
4 0 995 0 6 950 0 2 1015 0 3 979 0
-6.40554 -0.819396 162.106
109 137 78
3 0 502 0 4 288 0 1 368 0
-37.1726 -23.3494 162.302
45 51 87
2 3 939 0 5 926 0
-3.98333 -34.0662 160.354
189 184 191
3 6 1565 0 2 1429 0 3 1541 0
-14.9207 -16.5631 161.878
173 184 126
3 1 1236 0 3 1143 0 5 1148 0
-11.1412 -8.76375 161.841
96 118 54
2 0 606 0 6 473 0
-12.3386 -29.6352 160.734
156 158 119
3 6 1006 0 2 1022 0 3 1055 0
-52.5545 14.5657 164.481
55 79 29
2 1 1156 0 5 1069 0
-15.2587 -22.9647 161.804
138 148 96
2 6 989 0 2 879 0
-8.45187 -8.48249 161.28
119 136 68
2 0 666 0 6 827 0
-25.8664 -16.448 162.3
161 149 169
2 2 241 0 5 235 0
-30.2636 -39.0182 162.311
30 45 38
2 2 292 0 3 203 0
-36.6036 -32.4642 162.314
190 173 191
2 2 429 0 3 456 0
-5.27669 -34.4136 160.35
144 132 142
3 6 964 0 2 976 0 3 1003 0
-9.25612 -24.1241 160.521
147 154 100
4 0 1205 0 6 1311 0 2 1268 0 3 1353 0
-18.9161 -19.0977 162.192
37 48 42
4 0 973 0 1 673 0 6 849 0 3 603 0
-11.3938 -25.9773 160.644
160 159 115
2 0 1088 0 3 1209 0
-3.17585 -38.5 160.234
195 181 178
3 0 750 0 6 889 0 3 985 0
-18.2436 -9.93999 162.296
173 168 175
2 6 279 0 5 581 0
11.4549 -34.0662 160.144
120 151 75
2 0 234 0 6 160 0
-53.7182 12.6729 164.286
57 65 28
2 1 921 0 5 901 0
-9.1787 -14.3653 160.574
158 153 115
2 1 491 0 5 933 0
-8.26416 -24.6472 160.801
119 146 69
2 0 1136 0 6 1068 0
-1.1477 -8.4761 161.34
145 157 95
2 0 1302 0 6 1304 0
-28.4426 -17.7691 162.366
184 178 190
4 6 857 0 1 839 0 3 833 0 5 842 0
-20.3287 -19.1846 162.289
98 128 58
3 6 1028 0 2 896 0 3 1094 0
9.12426 1.5997 161.451
50 59 92
2 0 407 0 4 426 0
-18.7088 -6.21684 162.089
155 154 172
4 6 197 0 4 439 0 5 491 0 1 266 0
-20.607 -17.496 162.268
201 192 187
4 6 1422 0 1 1561 0 2 1354 0 3 1397 0
-9.3422 -3.91185 162.088
108 135 68
4 0 1208 0 4 1470 0 6 1281 0 1 1446 0
-16.0232 -25.5341 161.723
101 127 54
2 6 1069 0 2 1075 0
-8.01408 -4.87198 161.871
89 101 53
3 0 982 0 4 978 0 6 1109 0
-27.2245 -35.8618 162.109
177 162 169
2 2 1343 0 3 1449 0
-23.6837 -12.938 162.32
190 184 194
4 0 157 0 1 526 0 3 398 0 5 266 0
-5.08156 -22.5334 160.58
159 164 110
3 6 700 0 2 876 0 3 837 0
-9.56704 -18.8051 160.753
148 156 107
3 6 1303 0 2 1231 0 3 1308 0
-17.2303 -6.55694 162.123
191 183 194
3 0 1416 0 1 1680 0 6 1519 0
-28.3574 -12.7467 163.581
27 39 29
2 6 1603 0 3 1587 0
-1.0512 -39.3845 160.299
83 112 66
2 0 1218 0 6 1273 0
-21.11 -5.65243 161.63
23 38 33
2 0 538 0 6 797 0
-3.91877 -28.7631 160.208
142 162 93
2 6 53 0 3 66 0
-28.8388 -29.2536 162.246
106 120 67
2 2 815 0 3 938 0
-36.4906 -22.9849 162.294
178 171 189
2 3 582 0 5 628 0
-3.68491 -27.2096 160.462
155 169 107
3 0 833 0 6 1194 0 2 1133 0
-38.7178 -28.2545 162.406
178 171 187
2 3 584 0 5 728 0
-57.8509 15.1397 164.684
156 182 81
2 1 984 0 5 1074 0
-17.3897 -26.6348 161.778
164 183 119
2 1 393 0 3 57 0
-5.69117 -35.9153 160.283
191 181 190
2 0 808 0 3 657 0
-14.8444 -13.9395 161.943
113 132 66
5 6 1213 0 4 1322 0 3 1205 0 5 1197 0 1 1285 0
-10.2027 -6.32147 161.962
146 148 99
3 0 1187 0 1 1321 0 6 1293 0
-6.29631 -38.4943 160.205
179 169 178
2 6 1316 0 3 1344 0
-2.44722 -37.5369 160.318
133 147 94
3 0 209 0 2 472 0 3 113 0
-30.4743 -22.4285 162.363
158 149 170
3 2 1094 0 3 1172 0 5 1261 0
-32.1303 -18.6933 162.305
188 180 191
3 6 741 0 3 741 0 5 799 0
-22.1214 -28.4633 162.024
142 153 93
3 6 869 0 3 904 0 5 1089 0
-14.9294 -4.89115 162.12
107 108 126
2 0 1225 0 1 1399 0
-28.3281 -26.5541 162.21
184 171 178
4 6 761 0 2 716 0 3 737 0 5 469 0
-34.242 -29.1026 162.311
191 178 196
2 2 437 0 3 86 0
-58.2493 14.5717 164.601
55 65 28
2 1 1184 0 5 851 0
-20.5737 -35.5199 161.662
90 116 51
2 2 795 0 3 758 0
-8.30428 -14.8855 160.631
189 194 140
2 4 15 0 1 584 0
-11.9953 -19.1004 161.232
139 149 96
5 0 767 0 1 941 0 2 1006 0 6 915 0 3 1170 0
-10.701 0.229123 162.069
188 181 189
2 0 1460 0 6 1573 0
-29.104 -26.6073 162.21
190 179 187
2 6 1189 0 2 1110 0
-53.9671 13.4384 164.281
175 179 128
2 1 981 0 5 1070 0
-3.65166 -54.0548 157.8
57 71 110
2 6 1130 0 2 1148 0
-5.28261 -30.2887 160.299
136 143 91
2 2 806 0 3 856 0
-19.8769 -5.58553 162.09
34 43 72
3 0 203 0 6 142 0 3 366 0
-25.1341 -39.8478 162.016
111 107 80
2 2 390 0 3 200 0
-18.6449 -38.8976 161.142
111 124 70
2 2 870 0 3 607 0
-22.7856 -18.9937 162.203
215 195 207
3 2 103 0 3 115 0 5 258 0
-4.8582 -51.3666 158.245
48 46 70
2 2 1002 0 3 999 0
-34.1583 -22.0345 162.323
171 165 175
3 6 975 0 3 1024 0 5 1035 0
-22.0707 -21.4145 162.189
193 185 174
2 6 1016 0 2 986 0
-3.10851 -51.9598 157.922
177 163 180
2 6 931 0 3 961 0
-7.31304 -15.4528 160.571
147 164 93
2 4 1585 0 1 1596 0
-30.3899 -18.6145 162.391
180 172 183
3 6 365 0 3 56 0 5 515 0
-30.5363 -28.5832 162.198
195 178 196
3 2 308 0 3 435 0 5 217 0
-10.5808 -26.948 160.329
121 125 74
2 2 1180 0 3 1256 0
-7.20471 -3.19904 162.07
123 139 74
4 0 929 0 4 1078 0 6 740 0 1 805 0
-2.13392 -19.952 160.818
143 158 93
3 0 541 0 6 811 0 2 757 0
-6.1561 -5.04152 161.59
219 218 187
2 4 915 0 1 927 0
-9.35268 -5.40122 161.991
152 150 102
3 0 1134 0 4 1258 0 1 1277 0
-30.7727 -20.5304 162.332
159 152 168
2 3 511 0 5 423 0
-20.0565 -34.8421 161.607
128 148 79
2 6 1141 0 3 1099 0
-32.7287 -22.1907 162.389
182 176 186
4 6 822 0 2 830 0 3 780 0 5 1025 0
-19.9525 -17.2329 162.233
121 134 90
5 6 373 0 1 127 0 2 98 0 3 17 0 5 484 0
-6.75421 -24.59 160.284
119 132 62
3 0 1128 0 6 1146 0 3 1282 0
-7.20347 -29.0294 160.134
166 160 110
3 0 1153 0 2 1178 0 3 1198 0
-11.2936 -21.6408 160.936
110 127 56
4 0 1161 0 6 1172 0 2 1132 0 3 1181 0
-22.4568 -22.1903 162.19
220 206 195
3 1 1469 0 3 1296 0 5 1385 0
-0.719746 -34.3816 160.204
175 161 174
2 2 514 0 3 442 0
-12.8777 -27.1249 160.981
103 124 59
3 6 1046 0 2 1034 0 3 1169 0
-25.2476 -20.1136 162.208
200 187 194
5 6 954 0 1 1019 0 2 998 0 3 993 0 5 1038 0
-3.99648 -5.30335 161.853
64 85 46
2 6 1525 0 1 1678 0
-13.7589 -13.5167 161.775
158 171 102
2 1 1270 0 5 1175 0
1.01636 -40.1619 160.336
66 92 53
2 0 1075 0 6 981 0
-4.59293 -4.17931 161.617
138 149 91
3 0 1105 0 4 1143 0 6 1153 0
-1.08822 8.39535 162.073
151 145 157
2 0 821 0 4 818 0
6.4237 -39.1908 160.262
88 123 69
2 0 1469 0 6 1577 0
-21.0724 -9.58532 162.159
186 176 187
3 0 1409 0 6 1506 0 3 1502 0
-54.6692 15.1254 164.572
61 85 51
2 1 1584 0 5 1520 0
-22.4933 -11.4304 162.162
190 182 193
4 0 413 0 1 386 0 3 654 0 5 466 0
-16.8254 -32.2262 161.385
103 122 66
2 2 950 0 3 910 0
-30.0984 -31.0716 162.175
135 136 96
3 2 603 0 3 551 0 5 440 0
-4.97506 -35.2121 160.334
198 186 196
4 0 1004 0 6 1048 0 2 1003 0 3 1000 0
-27.2619 -24.8566 162.094
183 166 184
2 2 924 0 3 761 0
-29.0328 -37.5008 162.365
109 127 51
2 2 394 0 3 828 0
-22.8575 -43.1217 161.396
164 155 150
2 2 573 0 3 549 0
-59.026 14.8097 164.897
120 140 77
2 1 232 0 5 448 0
-1.46007 -16.4642 161.204
152 162 101
2 0 1193 0 6 1325 0
-27.8659 -40.4718 162.225
29 43 46
2 2 1367 0 3 1452 0
-23.7598 -38.8364 161.802
191 179 165
2 2 509 0 3 367 0
-16.7259 -23.1136 161.902
167 179 117
3 1 803 0 3 787 0 5 804 0
-41.0916 -12.3418 163.064
101 123 61
2 6 1067 0 3 1066 0
-5.79681 -53.6714 159.394
198 183 186
2 6 39 0 2 749 0
-9.63932 -35.3119 160.508
120 147 68
2 6 1458 0 3 1405 0
1.30121 -29.4372 160.358
187 180 188
3 6 1223 0 2 1172 0 3 1243 0
-0.685716 -28.6764 160.409
195 188 178
3 0 994 0 6 1138 0 3 1147 0
-6.38997 3.79741 162.045
183 175 186
3 0 909 0 4 1042 0 1 985 0
-30.9327 -18.8065 162.153
172 166 176
2 6 9 0 3 296 0
-7.98584 -19.4325 160.403
99 105 59
2 6 936 0 2 715 0
0.249445 -35.7548 160.348
107 139 63
3 0 1325 0 6 1439 0 3 1453 0
-16.2526 -17.2707 161.796
107 128 61
2 6 1411 0 3 1410 0
-12.9118 -27.0992 161.116
103 124 59
2 6 1047 0 3 1168 0
-21.9561 -51.617 160.406
188 173 192
2 2 616 0 3 722 0
-10.3392 -14.0447 160.874
135 155 86
3 0 236 0 6 283 0 2 375 0
-1.22019 3.32678 160.927
210 202 215
2 4 1512 0 1 1384 0
-3.41714 -8.56578 161.51
199 196 165
3 0 334 0 4 539 0 1 251 0
-13.0281 -4.30603 161.912
181 176 183
3 0 1209 0 1 1357 0 6 1292 0
-12.9487 -30.2587 161.095
109 130 65
2 6 997 0 3 644 0
-14.1995 -27.2097 161.369
103 117 58
2 2 1124 0 3 940 0
-13.3013 -31.3939 160.857
157 164 113
3 6 835 0 2 840 0 3 759 0
-23.8807 -7.32854 167.973
20 36 25
2 6 791 0 3 851 0
-18.7749 -30.869 161.705
115 139 65
3 6 887 0 2 854 0 3 801 0
-41.5952 -27.8566 162.318
45 50 82
2 3 885 0 5 1000 0
-19.532 -20.7736 162.275
96 123 52
4 6 587 0 1 660 0 3 731 0 5 734 0
-12.7832 -34.667 160.584
139 160 91
2 6 478 0 3 545 0
-6.37559 -29.7177 160.22
136 135 79
2 0 1146 0 6 1260 0
-19.3379 -6.53547 162.1
144 141 160
5 0 410 0 6 360 0 1 469 0 3 492 0 5 409 0
15.59 -29.0584 161.112
243 255 255
2 0 120 0 6 188 0
-15.5338 -1.93245 162.104
88 90 115
2 0 654 0 6 623 0
-4.78006 -3.48013 161.702
105 125 53
3 0 647 0 4 342 0 1 549 0
-19.9686 -15.9142 162.311
196 182 173
2 6 881 0 1 686 0
-19.419 -11.0509 162.254
172 166 178
5 0 1352 0 6 1444 0 1 1590 0 3 1448 0 5 1526 0
-35.9342 -11.3457 162.553
108 125 71
2 1 944 0 5 859 0
-19.6367 -7.2778 162.124
50 58 95
3 0 1118 0 4 1298 0 1 1300 0
-31.2004 -31.1957 162.208
99 115 68
2 3 745 0 5 1013 0
3.68493 -32.4594 164.285
24 22 36
2 0 383 0 6 425 0
-20.247 -18.4913 162.288
117 144 77
3 6 1231 0 2 1098 0 3 1255 0
-22.364 -19.1911 162.258
195 180 185
4 6 1609 0 1 1804 0 3 1593 0 5 1715 0
-26.6814 -23.8867 162.205
174 160 173
2 3 50 0 5 32 0
-3.24993 4.88728 162.008
130 128 142
2 0 594 0 4 591 0
-33.7499 -20.419 162.739
183 176 184
2 6 358 0 3 816 0
-21.737 -47.058 160.805
128 127 79
2 2 1161 0 3 1230 0
-0.540555 -33.1402 160.288
200 193 201
4 0 1367 0 6 1435 0 2 1346 0 3 1456 0
-7.3673 -22.0176 160.329
146 137 98
4 0 1149 0 6 1199 0 2 1091 0 3 1018 0
2.19682 -34.7805 162.36
215 201 201
2 0 1224 0 6 1298 0
-31.5584 -20.7506 162.393
179 173 187
2 3 1275 0 5 1351 0
-29.6744 -21.319 162.311
164 158 170
4 6 1361 0 2 1251 0 3 1328 0 5 1359 0
-31.8895 -30.2459 162.272
178 157 172
3 2 117 0 3 588 0 5 780 0
-37.0356 -34.2792 162.297
192 181 185
2 2 852 0 3 815 0
-12.6651 -13.9986 161.516
101 124 54
5 6 818 0 4 995 0 3 678 0 5 259 0 1 665 0
-14.8919 -31.3613 161.046
153 160 116
2 6 1076 0 3 1164 0
-8.88021 -27.7106 160.318
153 160 108
2 6 1242 0 2 1175 0
-53.7182 12.6729 164.286
57 65 28
2 1 919 0 5 900 0
-12.2363 -18.3873 161.335
110 131 66
4 0 957 0 1 1101 0 6 972 0 5 1133 0
-35.5784 -29.7593 162.328
95 81 106
3 2 393 0 3 136 0 5 354 0
-21.5395 -8.70924 162.156
60 66 92
2 6 269 0 4 401 0
-1.54704 -34.2921 160.379
196 190 200
3 6 1286 0 2 1218 0 3 1341 0
-12.7202 -13.6768 161.573
145 166 89
3 4 1530 0 5 1356 0 1 1488 0
-5.34343 -8.72614 161.404
178 181 124
3 6 101 0 4 310 0 1 210 0
-4.49989 0.484925 161.928
115 145 73
3 0 1152 0 4 1256 0 1 1191 0
-13.6122 -16.9301 161.623
146 166 97
2 1 421 0 5 296 0
-8.12823 -3.00884 162.013
156 176 107
2 4 1611 0 1 1566 0
-19.1811 -15.1096 162.261
131 146 91
4 0 459 0 1 649 0 6 508 0 5 717 0
-13.1396 -27.9663 160.98
145 151 103
2 6 1159 0 3 1194 0
-23.8861 -29.7552 162.02
132 156 82
3 6 240 0 2 197 0 3 153 0
-22.3005 -20.9582 162.181
182 165 173
2 3 251 0 5 37 0
-57.6165 15.7291 164.722
147 176 70
2 1 1676 0 5 1575 0
-33.5333 -30.3149 162.185
175 161 174
2 3 485 0 5 685 0
-15.1753 0.78745 162.279
23 42 23
2 0 76 0 6 357 0
16.1067 -28.3152 160.535
48 49 77
2 0 1244 0 6 1055 0
-2.82969 -8.52202 161.559
160 168 131
2 6 593 0 1 756 0
-29.2577 -40.7419 162.234
28 42 43
2 2 278 0 3 187 0
-15.6296 -14.7158 161.993
143 155 89
5 0 1196 0 6 1210 0 2 1115 0 3 1126 0 5 1156 0
-24.3173 -29.5477 162.009
80 109 43
2 3 831 0 5 1003 0
-15.4628 -24.8148 161.778
131 136 95
2 2 465 0 3 508 0
-34.8434 -19.6619 162.258
58 61 44
2 6 639 0 3 799 0
-18.055 -8.44668 162.208
181 174 182
4 0 409 0 4 602 0 6 664 0 1 640 0
-22.496 -13.7255 162.365
176 168 181
5 0 1394 0 6 1497 0 1 1643 0 3 1490 0 5 1569 0
-7.38433 -15.2917 160.753
105 126 61
2 6 1443 0 4 1584 0
-20.5215 -20.0193 162.2
108 138 68
5 6 1402 0 1 1528 0 2 1290 0 3 1431 0 5 1463 0
-26.5796 -19.854 162.231
175 169 181
3 6 1043 0 1 1077 0 5 1067 0
-28.6483 -38.5994 162.201
132 135 80
2 2 1185 0 3 1362 0
11.5306 -32.9839 160.059
139 153 102
2 0 1176 0 6 1284 0
-22.2689 -42.5443 161.354
102 110 61
2 2 1080 0 3 1060 0
-36.1835 -29.8222 162.353
172 168 183
2 3 706 0 5 947 0
-20.3264 -13.6623 162.273
210 203 211
6 0 681 0 1 812 0 2 787 0 3 793 0 5 891 0 6 754 0
-30.6181 -38.434 162.254
102 116 54
2 2 1252 0 3 1390 0
0.0839454 0.917887 161.782
179 201 126
2 4 955 0 1 949 0
-8.86641 -26.6628 160.376
115 140 57
2 0 1167 0 6 1200 0
2.4284 -47.5665 158.137
172 156 169
2 6 564 0 3 611 0
-37.6416 -12.333 162.82
94 121 68
2 1 82 0 5 6 0
-14.055 -14.6736 161.816
158 160 123
5 0 1215 0 4 1399 0 3 1326 0 5 1346 0 1 1440 0
-4.67883 -36.3601 160.377
146 131 152
2 2 1154 0 3 1267 0
-16.3291 -16.2219 161.938
129 149 78
2 6 611 0 5 982 0
-24.3391 -19.1176 162.21
205 194 200
5 6 878 0 1 963 0 2 927 0 3 889 0 5 850 0
2.27666 -39.8575 159.967
148 175 104
2 0 759 0 6 907 0
-7.47538 2.39495 162.053
55 58 89
2 0 802 0 4 771 0
-10.6381 -46.8833 160.314
211 203 200
3 6 1061 0 2 1031 0 3 1134 0
-17.8919 -23.1427 162.04
161 179 105
2 1 806 0 5 726 0
-17.725 -17.6393 162.151
102 130 55
2 0 1236 0 6 1356 0
-12.1169 -15.3847 161.332
104 125 58
2 0 239 0 6 486 0
-23.7576 -37.3498 161.97
97 104 62
2 2 1145 0 3 936 0
-4.09291 -10.4139 160.951
173 180 136
2 0 1027 0 1 1391 0
-27.6562 -42.6926 161.852
63 72 43
2 2 1331 0 3 1368 0
-6.12845 -2.24575 161.937
100 119 53
3 0 1485 0 4 1776 0 1 1770 0
-12.2553 -45.3771 160.37
177 165 187
2 2 508 0 3 711 0
-25.4717 3.30055 169.491
108 143 79
2 0 894 0 6 1289 0
-9.77096 -15.5917 160.74
142 152 89
4 6 181 0 4 672 0 5 742 0 1 874 0
-25.412 -21.2112 162.286
215 202 212
4 1 869 0 2 551 0 3 684 0 5 693 0
0.944378 -28.689 160.362
205 195 203
3 6 841 0 2 861 0 3 855 0
-33.9211 -24.297 162.333
149 137 161
2 2 268 0 3 71 0
-20.1747 -16.5902 162.213
204 198 182
6 0 470 0 1 648 0 2 515 0 3 650 0 5 789 0 6 551 0
-2.18094 2.35047 161.92
235 222 231
2 4 1432 0 1 1378 0
-3.29534 1.14457 161.921
145 164 109
2 4 550 0 1 586 0
-24.3498 -3.50815 169.493
112 140 89
2 0 1158 0 6 1051 0
-12.0128 -25.097 160.864
112 130 56
2 0 702 0 6 681 0
-35.2718 -26.7565 162.395
167 155 177
3 2 231 0 3 327 0 5 325 0
-31.4665 -38.6176 162.329
30 44 31
2 2 898 0 3 899 0
-7.7533 -26.5049 160.431
93 104 46
2 6 1060 0 3 1207 0
-22.1214 -28.4633 162.024
142 153 93
3 6 867 0 3 903 0 5 1088 0
-36.3039 -27.3793 162.416
173 161 183
3 2 523 0 3 730 0 5 890 0
-18.5506 -24.7557 161.918
133 147 86
2 6 595 0 2 448 0
2.63982 -32.0586 160.25
167 159 148
3 0 486 0 6 64 0 3 292 0
-8.26034 -11.2396 161.054
163 167 106
4 0 314 0 4 730 0 6 695 0 1 764 0
-2.47567 -33.8666 160.282
186 179 187
3 0 1278 0 2 1282 0 3 1380 0
-9.87283 -18.1918 160.902
108 127 61
2 0 357 0 4 415 0
-4.77834 -32.8412 160.324
126 143 88
3 0 1184 0 6 1214 0 2 1116 0
-8.4693 -27.393 160.354
142 153 95
2 6 624 0 2 695 0
0.988644 -32.4888 160.34
183 171 183
3 0 448 0 2 184 0 3 602 0
-1.68727 -22.7291 160.716
107 136 54
2 0 834 0 2 980 0
-21.5413 -16.3563 162.402
183 162 159
5 6 1488 0 1 1646 0 2 1380 0 3 1498 0 5 1568 0
-3.96006 -18.7504 160.793
138 155 84
2 6 362 0 2 312 0
-21.5168 -9.1834 162.193
190 184 198
4 0 414 0 4 802 0 6 415 0 3 641 0
-33.9211 -24.297 162.333
149 137 161
2 2 267 0 3 72 0
-10.7446 -25.3157 160.714
126 138 72
4 0 921 0 6 944 0 2 975 0 3 935 0
-10.4915 -48.3974 160.621
108 136 75
2 6 1446 0 3 1455 0
-25.5529 -38.4442 162.182
118 122 71
2 2 748 0 3 638 0
-5.55144 -36.1803 160.338
188 175 193
2 2 1209 0 3 1254 0
-13.0809 -15.4783 161.609
109 129 57
5 0 1235 0 4 1330 0 2 1164 0 6 1285 0 5 1095 0
4.92198 -46.8016 157.925
179 165 182
2 6 1481 0 3 1489 0
-12.7388 -17.6587 161.48
148 156 109
2 3 924 0 5 1051 0
-19.6395 -14.6116 162.235
204 185 187
2 0 1108 0 6 1103 0
2.96257 -46.007 158.486
167 151 164
2 0 536 0 6 227 0
-12.3905 -16.1805 161.466
144 152 105
2 6 1195 0 3 1191 0
2.4664 8.51926 162.017
181 174 182
2 0 408 0 4 301 0
-5.60238 -8.25139 161.408
126 143 65
2 0 747 0 6 734 0
-1.06909 -31.8398 160.356
189 179 188
3 0 659 0 6 482 0 2 487 0
-29.104 -26.6073 162.21
190 179 187
2 6 1188 0 2 1111 0
-16.2129 -20.4248 161.911
137 150 96
2 3 122 0 5 203 0
-28.5033 -40.214 162.201
44 56 68
2 2 68 0 3 228 0
-54.0978 14.0284 164.133
184 185 145
2 1 1599 0 5 1498 0
-34.1369 -31.5138 162.24
182 165 183
2 2 739 0 3 776 0
-6.12059 -21.9147 160.395
151 160 95
2 0 567 0 3 750 0
1.99752 -21.4101 160.722
119 145 72
2 0 162 0 6 424 0
-7.83771 -3.60246 162.071
104 130 56
2 0 687 0 6 543 0
-18.7703 -38.2617 161.048
141 156 91
2 6 427 0 2 685 0
-28.0188 -41.7036 162.11
141 143 104
2 2 1099 0 3 1123 0
-4.82949 -8.08138 161.616
142 149 79
2 0 1212 0 4 1224 0
-22.8868 -38.0533 161.786
118 126 75
2 2 477 0 3 255 0
-14.6702 -0.349247 162.003
199 189 198
2 0 780 0 6 790 0
-8.80776 -20.4218 160.615
135 147 83
3 0 670 0 6 973 0 3 1157 0
2.6083 -48.5759 157.899
188 170 184
2 6 970 0 2 1005 0
-4.57238 -9.08495 161.37
229 224 204
2 4 473 0 1 391 0
-26.8985 -43.1972 161.827
134 137 84
2 2 762 0 3 728 0
-5.86157 -23.6513 160.449
150 163 94
2 0 816 0 6 851 0
-7.39776 -22.0361 160.404
151 144 102
3 6 1198 0 2 1090 0 3 1017 0
-21.6524 -42.2712 161.15
175 164 142
2 2 355 0 3 214 0
-14.4326 -20.3689 161.734
149 165 100
3 1 774 0 3 917 0 5 836 0
-2.47567 -33.8666 160.282
186 179 187
3 0 1277 0 2 1281 0 3 1379 0
-15.5032 -7.60658 162.211
170 167 176
3 6 522 0 1 671 0 2 526 0
-12.2759 -20.2305 161.309
116 132 67
2 0 401 0 6 77 0
-7.26924 -21.0885 160.336
110 112 65
3 0 1098 0 6 1255 0 2 1097 0
-59.026 14.8097 164.897
120 140 77
2 1 233 0 5 449 0
-2.00121 -1.34793 161.717
139 162 84
2 4 348 0 1 341 0
2.34748 -32.8324 160.278
186 173 180
2 6 668 0 3 752 0
-13.6802 -13.5863 161.697
158 171 102
2 1 1269 0 3 1061 0
-1.83857 -37.2893 160.316
130 145 86
3 0 320 0 6 126 0 3 382 0
-21.9021 -23.4866 162.339
197 195 170
2 6 387 0 3 525 0
-13.2862 -48.2378 160.356
193 187 199
2 6 561 0 2 574 0
-9.35698 -17.1143 160.749
179 190 121
3 4 300 0 5 499 0 1 514 0
1.45499 -48.9852 158.081
158 142 155
2 6 806 0 3 880 0
-12.8232 -11.6242 161.595
126 149 77
2 4 959 0 1 841 0
-2.76115 -16.9576 161.24
136 154 80
2 0 865 0 6 698 0
-4.17703 -37.1479 160.335
183 173 182
3 0 1040 0 6 1074 0 3 1082 0
-4.02632 -25.466 160.506
143 159 88
3 0 933 0 6 1030 0 2 994 0
-3.51674 -20.0011 160.831
145 159 98
3 0 1050 0 6 1099 0 2 1038 0
-6.8753 -27.3329 159.363
157 156 100
3 6 1596 0 2 1449 0 3 1569 0
-9.93809 -34.2183 160.324
138 155 84
2 6 1395 0 3 1418 0
-24.4911 -37.4076 162.028
168 162 136
2 2 414 0 3 443 0
-36.4487 -33.966 162.348
192 182 183
2 2 961 0 3 992 0
-9.91087 -28.484 160.455
108 117 60
2 2 1238 0 3 1272 0
-25.9071 -41.6961 162.001
118 116 91
2 2 85 0 3 6 0
-22.9457 -40.1954 161.542
172 160 164
2 2 664 0 3 560 0
-18.6146 -15.311 162.388
212 203 196
4 0 581 0 6 683 0 3 902 0 5 800 0
-19.1519 -41.5117 160.998
120 130 70
2 2 115 0 3 206 0
-29.6983 -16.9813 162.361
177 171 181
2 6 251 0 3 245 0
-1.99007 -9.5457 161.259
46 61 28
2 0 1456 0 4 1728 0
-36.339 -28.3011 162.412
160 148 172
2 2 1179 0 3 1259 0
-23.6005 -31.791 162.087
124 151 74
2 6 614 0 3 629 0
2.93117 -38.0116 160.628
132 155 75
3 0 1016 0 6 1282 0 3 1316 0
-12.982 -20.0619 161.464
98 123 58
3 6 1336 0 1 1406 0 3 1313 0
15.5817 -32.5834 160.344
42 42 66
2 0 1053 0 6 833 0
-13.8396 -47.2564 160.398
171 162 183
2 2 1040 0 3 1039 0
-12.7693 -11.6679 161.48
132 154 89
2 1 840 0 5 998 0
-26.1445 -25.8962 162.164
206 199 193
2 3 306 0 5 210 0
-31.3442 -30.5904 162.197
198 187 193
3 2 142 0 3 478 0 5 664 0
-15.0209 -43.9398 160.472
113 139 65
2 6 202 0 3 145 0
-18.1352 -30.1021 161.696
147 160 106
2 6 440 0 2 328 0
-37.6967 -27.5081 162.327
174 167 183
2 3 1462 0 5 1494 0
-17.3686 -17.7902 162.043
99 126 47
3 0 71 0 3 348 0 5 594 0
-8.66693 -4.50304 161.876
180 190 127
2 4 1774 0 1 1767 0
-9.36453 -5.38068 162.036
152 150 102
2 0 1135 0 6 1229 0
-6.91714 -10.5197 161.254
165 176 118
3 6 882 0 4 924 0 1 1047 0
-14.8552 -33.1683 160.993
140 156 93
3 6 965 0 2 1086 0 3 1064 0
-27.1754 -27.048 162.14
194 190 181
4 6 377 0 2 424 0 3 538 0 5 669 0
-14.907 -25.5942 161.429
97 122 56
2 6 1174 0 2 1030 0
-13.1517 -9.86809 161.917
160 180 108
2 4 723 0 1 707 0
-14.9898 -16.7029 161.694
139 154 95
2 6 937 0 2 827 0
-16.712 -4.17952 161.986
81 81 105
2 6 130 0 5 15 0
-29.4092 -20.0446 162.315
174 162 186
2 2 702 0 3 840 0
-11.5562 -16.6439 161.303
107 129 65
2 6 1207 0 4 1360 0
-7.47538 2.39495 162.053
55 58 89
2 0 801 0 4 772 0
-2.55313 -24.6277 160.486
106 135 51
2 0 119 0 6 404 0
-5.14383 -40.7856 160.301
160 156 127
2 2 252 0 3 229 0
2.61304 -13.3927 161.445
132 144 78
2 0 566 0 6 719 0
-25.9858 -35.9861 162.169
86 101 42
2 2 1263 0 3 1347 0
-0.495821 -24.2534 160.738
108 137 57
3 0 924 0 6 796 0 2 352 0
-19.6627 -30.9471 161.797
121 141 72
2 6 1115 0 3 1142 0
2.39661 -17.0893 160.968
127 156 76
2 0 1132 0 6 1175 0
-16.0221 -48.5185 160.407
197 185 207
2 2 392 0 3 378 0
-10.3558 -14.038 160.987
135 155 86
5 0 237 0 4 685 0 6 282 0 5 854 0 1 622 0
-4.62735 -38.8914 160.385
204 194 193
3 0 758 0 6 901 0 2 1017 0
-58.6295 17.9401 165.129
134 172 63
2 1 688 0 5 770 0
-12.7256 -13.6749 161.581
155 173 99
2 1 1489 0 5 1355 0
-15.2721 -19.0096 161.829
116 132 67
3 0 305 0 2 134 0 3 45 0
-20.2326 -26.1377 162.133
94 117 47
2 2 1198 0 3 1217 0
-3.27095 -35.1948 160.261
186 178 189
3 6 992 0 2 869 0 3 930 0
-17.4489 -30.893 161.566
102 129 58
2 6 1081 0 2 1010 0
17.2227 -28.3077 160.288
210 200 209
2 0 915 0 6 1093 0
-27.6817 -22.3288 162.251
192 182 190
2 6 144 0 2 185 0
-17.0195 -28.9588 161.606
108 134 63
2 6 461 0 3 186 0
-26.1254 -22.5482 162.187
212 201 209
4 6 862 0 2 791 0 3 923 0 5 1137 0
-29.7728 -35.9488 162.329
128 141 72
2 2 1204 0 3 1391 0
-22.2722 -9.80517 162.23
51 57 91
2 6 1388 0 3 1396 0
-37.8051 -30.4016 162.37
149 139 163
3 2 163 0 3 222 0 5 468 0
-7.57019 -40.0024 160.347
178 170 181
3 6 1233 0 2 1168 0 3 1233 0
-35.9875 -21.4898 162.321
198 192 202
2 3 293 0 5 72 0
-20.0748 -15.3708 162.243
209 193 196
6 0 1359 0 1 1564 0 2 1347 0 3 1408 0 5 1451 0 6 1434 0
-53.8209 11.9832 164.279
136 160 72
2 1 833 0 5 513 0
-4.11105 -39.2976 160.327
143 144 112
3 6 374 0 2 458 0 3 566 0
-10.3172 -47.7347 160.199
112 136 74
2 6 895 0 2 1025 0
-6.25808 -35.5118 160.338
153 140 149
4 0 800 0 6 861 0 2 649 0 3 988 0
-8.47255 -25.7501 160.228
151 161 101
2 0 796 0 6 1027 0
9.76647 -18.5592 160.566
42 49 77
2 0 741 0 6 727 0
-27.2058 -39.4614 162.279
193 182 180
2 2 480 0 3 621 0
-18.969 -12.4557 162.26
209 199 210
2 3 1544 0 5 1624 0
-26.2547 -26.7601 162.092
120 141 76
3 6 656 0 3 709 0 5 316 0
-41.0948 -27.3413 162.319
46 49 84
2 3 809 0 5 871 0
-18.3359 -13.7941 162.242
117 139 75
3 6 520 0 2 788 0 5 610 0
-20.4321 -44.9032 160.808
195 186 171
2 2 758 0 3 578 0
-30.8257 -30.8185 162.194
104 117 64
3 2 474 0 3 712 0 5 713 0
-28.4426 -17.7691 162.366
184 178 190
4 6 858 0 1 838 0 3 834 0 5 841 0
1.93909 -21.0415 160.784
123 151 77
2 0 651 0 6 794 0
-33.5333 -30.3149 162.185
175 161 174
2 3 486 0 5 684 0
-15.9941 -19.727 161.988
168 179 119
3 1 244 0 3 810 0 5 187 0
-55.5697 15.946 164.693
159 171 125
2 1 1009 0 5 1040 0
-19.3379 -6.53547 162.1
144 141 160
6 0 411 0 1 468 0 3 494 0 4 462 0 5 408 0 6 361 0
-8.59286 -38.9011 160.393
177 164 181
2 2 166 0 3 30 0
-6.03635 -6.43705 161.607
184 184 148
4 0 760 0 4 318 0 6 606 0 1 621 0
-7.45997 -25.5887 160.223
149 161 97
2 6 1350 0 3 1322 0
-23.6178 -21.7683 162.153
197 182 187
2 6 73 0 2 269 0
-12.8622 -45.6993 160.75
180 174 188
2 6 139 0 3 227 0
-22.0921 -16.4806 162.277
162 147 150
2 6 1343 0 2 1272 0
-29.0264 -28.6773 162.191
187 188 174
3 6 2 0 2 82 0 5 273 0
-10.0389 1.34663 162.017
76 77 108
2 0 762 0 6 784 0
-11.0104 -10.154 161.052
191 198 144
2 4 579 0 1 765 0
-18.9774 -28.2868 161.829
133 153 84
3 6 489 0 2 595 0 3 662 0
-25.4148 -16.8264 162.51
162 156 168
3 6 1572 0 1 1750 0 5 1681 0
-7.07869 -5.64724 161.657
132 147 80
3 6 1092 0 4 813 0 1 1058 0
-35.8823 -25.371 162.396
178 171 187
2 3 1301 0 5 1368 0
-1.29997 -13.1133 161.298
147 161 100
2 0 951 0 6 1275 0
-27.5072 -19.4917 162.337
177 170 186
3 1 1249 0 2 1049 0 5 1225 0
-18.7561 -26.7293 161.936
123 144 79
2 6 233 0 1 667 0
-8.40849 -47.2801 161.282
38 61 33
2 6 1390 0 3 1440 0
-59.7093 13.0671 164.727
80 94 32
2 1 713 0 5 630 0
-23.4422 -37.9847 161.765
218 209 192
2 2 350 0 3 252 0
-31.4665 -38.6176 162.329
30 44 31
2 2 897 0 3 900 0
-34.4364 -23.9702 162.387
177 170 188
2 3 1206 0 5 1288 0
-4.19129 -17.9107 160.94
131 146 81
3 0 174 0 6 246 0 2 633 0
-34.6699 -25.7851 162.388
167 155 177
3 2 522 0 3 441 0 5 960 0
-11.2279 -27.9579 160.415
153 146 117
2 2 1213 0 3 1280 0
-4.63402 -38.9101 160.353
204 194 193
4 0 757 0 6 900 0 2 1018 0 3 964 0
-26.7914 -19.3337 161.721
168 165 176
3 6 1598 0 3 1583 0 5 1702 0
-20.7477 -16.5721 162.217
199 174 177
4 1 481 0 2 348 0 3 496 0 5 677 0
-21.1703 -28.2388 162.04
137 148 92
2 3 915 0 5 1120 0
-17.4404 -30.8823 161.578
102 129 58
3 6 1082 0 2 1009 0 3 1101 0
-23.4588 -25.046 162.197
150 145 142
2 3 370 0 5 492 0
-14.0583 -14.6845 161.8
158 160 123
5 0 1214 0 1 1439 0 2 1242 0 6 1324 0 3 1325 0
-7.40095 -29.874 160.138
132 129 78
4 0 450 0 6 454 0 2 313 0 3 614 0
-11.2101 -42.6303 160.378
203 192 209
2 2 378 0 3 580 0
-0.567485 -31.5689 160.334
191 181 192
3 0 1270 0 2 1278 0 3 1377 0
-12.1353 -41.751 160.548
190 179 173
2 6 526 0 3 736 0
-30.3954 -29.7759 162.193
187 176 184
2 2 816 0 3 852 0
-14.7243 -20.9694 161.926
129 142 88
2 6 904 0 1 1201 0
-3.59314 -38.0445 160.322
139 127 131
3 0 355 0 6 485 0 2 417 0
-33.0252 -31.9971 162.24
188 183 179
2 3 789 0 5 927 0
-15.8591 -18.8222 161.958
149 158 105
6 0 1177 0 1 928 0 2 1014 0 3 872 0 5 878 0 6 1182 0
-19.0892 -5.81128 162.077
60 68 104
4 0 691 0 4 760 0 6 721 0 1 784 0
3.39676 -49.7189 157.926
182 171 188
2 2 730 0 3 756 0
-2.90257 -39.393 160.419
197 185 187
3 6 1463 0 2 1374 0 3 1475 0
-23.3038 -22.0912 162.131
186 164 177
2 2 46 0 3 381 0
-9.54139 -42.4419 160.321
176 168 179
3 6 1219 0 2 1156 0 3 1212 0
-24.6434 -22.6231 162.142
203 192 198
2 6 509 0 2 421 0
-40.5745 -7.67285 163.472
28 53 21
2 6 622 0 3 786 0
-26.0064 -17.5691 162.354
161 149 169
2 2 52 0 3 148 0
-15.5671 -30.6469 161.253
96 105 58
2 2 900 0 3 863 0
-19.3829 -29.289 161.905
105 119 57
2 2 1139 0 3 1251 0
-9.20338 -21.6681 160.521
113 123 73
3 0 574 0 6 379 0 3 353 0
-2.79757 0.84485 161.915
175 190 123
2 4 351 0 1 107 0
-4.46543 -40.8632 160.263
102 133 65
2 6 732 0 3 883 0
-19.3002 -15.8186 162.27
123 142 76
2 0 1063 0 1 1275 0
-29.1988 -22.3926 162.23
178 174 188
3 6 1249 0 2 1093 0 5 1296 0
-12.9111 -30.2617 160.896
108 118 66
2 2 682 0 3 643 0
-17.917 -13.1736 162.205
110 133 63
5 0 964 0 6 768 0 2 951 0 3 865 0 5 1023 0
-25.1341 -39.8478 162.016
111 107 80
2 2 388 0 3 201 0
-14.7072 -19.7775 161.854
142 151 94
3 0 752 0 1 1042 0 6 1042 0
17.256 -26.7887 160.897
65 56 73
2 0 460 0 6 376 0
-6.45388 -36.8143 160.335
208 201 209
3 6 1524 0 2 1417 0 3 1521 0
-29.8621 -19.2142 162.334
186 174 196
3 2 1096 0 3 1163 0 5 1253 0
-11.1412 -8.76375 161.841
96 118 54
2 0 607 0 6 474 0
-13.5808 -16.9877 161.78
102 123 54
2 0 686 0 2 418 0
-8.86196 -26.6874 160.33
115 140 57
3 0 1166 0 6 1201 0 3 1218 0
-2.79833 4.46145 162.139
223 215 228
2 4 1158 0 1 1226 0
-17.8268 -4.32345 162.049
47 57 93
2 0 52 0 1 137 0
-13.2232 -8.27338 162.027
116 142 77
3 0 1388 0 4 1658 0 6 1487 0
-18.0226 -26.4738 161.897
166 180 121
2 1 1072 0 3 953 0
-17.3064 -47.1866 160.381
125 103 106
2 2 833 0 3 858 0
-23.5985 -31.7863 162.098
124 151 74
3 6 615 0 2 538 0 3 630 0
-22.0717 -13.9398 162.048
195 187 202
2 1 78 0 5 157 0
-17.8282 -4.31803 162.061
47 57 93
3 0 53 0 1 136 0 6 301 0
-15.223 -3.03342 162.219
185 175 186
2 0 290 0 6 230 0
-15.8318 -27.1086 161.564
99 113 54
2 2 366 0 3 310 0
-40.1502 -28.9327 162.373
162 155 171
2 3 740 0 5 1016 0
-2.59773 -40.3164 160.113
152 152 162
2 6 201 0 3 179 0
-8.69978 -38.1904 160.382
187 171 171
2 6 736 0 2 808 0
0.15828 -38.4726 160.186
121 149 74
3 0 1372 0 6 1441 0 3 1444 0
-5.46568 -3.64382 161.672
147 156 89
2 4 1192 0 1 1183 0
-9.81628 -20.5489 160.689
144 152 95
4 0 1142 0 6 1212 0 2 992 0 3 1214 0
-12.8025 -8.38039 162.097
97 122 57
3 6 132 0 4 73 0 1 94 0
-13.8418 -47.2576 160.351
173 167 179
2 6 1036 0 2 1041 0
-6.8753 -27.3329 159.363
157 156 100
3 6 1595 0 2 1448 0 3 1570 0
-10.7285 -29.4837 160.39
157 160 115
4 0 1055 0 6 1208 0 2 1223 0 3 1252 0
-27.5628 -28.0924 162.216
117 135 73
3 6 762 0 3 832 0 5 1047 0
-20.3335 -50.2986 160.397
152 134 150
2 2 6 0 3 254 0
-10.747 -30.3569 160.468
113 134 59
4 0 1119 0 6 1154 0 2 996 0 3 1111 0
-3.56182 -19.0734 160.918
146 159 90
2 0 265 0 6 183 0
-4.17703 -37.1479 160.335
183 173 182
3 0 1041 0 6 1075 0 3 1083 0
-21.3345 -21.2504 162.245
125 135 83
4 6 382 0 1 754 0 3 664 0 5 679 0
-5.53485 -0.00729769 161.991
124 144 81
3 0 773 0 4 709 0 1 742 0
-28.0188 -41.7036 162.11
141 143 104
2 2 1100 0 3 1122 0
-14.9415 -4.88589 162.088
107 108 126
2 0 1226 0 6 1310 0
-17.8275 -22.215 161.87
141 163 88
2 1 979 0 5 801 0
-8.31943 -4.07429 162.062
153 159 97
2 6 1023 0 1 1017 0
-9.68604 -8.43093 161.557
174 187 118
2 4 1504 0 1 1411 0
-23.8203 -29.2321 162.132
119 148 66
2 6 109 0 2 61 0
-3.17045 -21.7737 160.721
147 158 98
3 0 648 0 6 645 0 2 642 0
-20.3508 -51.1845 160.449
194 181 201
2 2 1412 0 3 1457 0
-14.8835 -17.4856 161.847
112 130 56
3 0 211 0 6 87 0 2 341 0
-6.52762 2.36367 162.065
65 69 98
3 0 1109 0 4 935 0 1 1094 0
-13.1142 -27.9466 160.888
138 136 98
2 2 1136 0 3 1195 0
-32.9622 -23.2369 162.37
162 156 168
4 6 341 0 2 238 0 3 44 0 5 182 0
-15.784 -7.15653 162.335
179 171 182
2 0 1315 0 1 1542 0
-28.4084 -34.051 162.192
116 140 64
2 3 24 0 5 256 0
-8.89525 -9.95371 161.197
159 162 105
3 6 570 0 4 762 0 1 696 0
-15.3643 -20.3525 161.886
116 134 76
4 6 1348 0 1 1445 0 3 1338 0 5 1362 0
-4.03415 -25.4688 160.52
144 159 92
2 6 1029 0 2 995 0
0.67466 -31.6327 160.431
196 191 198
2 0 1305 0 6 1380 0
-12.4102 -33.6551 161.029
115 143 68
2 6 1375 0 3 1429 0
-24.6353 -22.643 162.125
224 211 221
2 1 661 0 5 599 0
-12.7539 -28.7285 160.787
105 125 56
2 0 811 0 6 714 0
0.768573 -46.0946 158.222
69 67 104
2 0 866 0 2 954 0
-34.6951 -31.2138 162.144
185 172 181
2 3 647 0 5 640 0
-53.1628 13.4554 164.349
89 110 41
2 1 772 0 5 938 0
-2.22243 -7.39594 161.538
119 139 68
4 0 1174 0 4 1345 0 6 1274 0 1 1376 0
-5.48987 -3.63579 161.703
107 118 58
4 0 1112 0 4 1193 0 6 1253 0 1 1182 0
3.17095 -21.2409 160.817
22 35 17
2 0 726 0 6 450 0
-2.98654 0.446223 161.497
170 191 116
2 4 1746 0 1 1719 0
-25.3268 -30.1987 161.977
94 127 48
4 6 917 0 2 853 0 3 1121 0 5 1019 0
-31.2776 -22.3679 162.377
174 168 178
4 6 885 0 2 828 0 3 934 0 5 996 0
-2.57826 -26.1534 160.344
113 142 58
2 0 673 0 6 786 0
-34.6709 -25.8006 162.344
166 162 177
2 3 440 0 5 961 0
-14.2975 -17.6765 161.732
140 156 91
2 0 326 0 3 141 0
-6.40147 3.41177 161.925
207 199 212
2 4 1540 0 1 1555 0
-27.2255 -28.66 162.291
176 180 155
3 6 57 0 3 151 0 5 324 0
0.868079 -30.129 160.415
203 194 199
3 6 1 0 2 47 0 3 42 0
-21.5067 -6.98582 162.238
47 58 86
2 0 82 0 6 174 0
-8.48444 -53.4851 160.005
138 145 129
2 6 91 0 3 447 0
-26.916 -40.5431 162.242
197 191 195
2 2 516 0 3 458 0
-14.403 -10.5525 162.142
129 146 78
3 0 516 0 6 410 0 5 454 0
-3.92976 -38.5424 160.263
137 124 131
3 0 526 0 2 502 0 3 875 0
0.972355 -28.7003 160.314
205 195 203
2 6 840 0 3 854 0
-11.6721 -41.8877 160.931
179 171 182
3 6 654 0 2 391 0 3 63 0
-12.5014 -42.3628 160.257
189 179 177
2 6 305 0 3 289 0
-25.0602 -25.5511 162.189
115 132 77
2 6 261 0 2 123 0
-1.68581 -44.8648 157.516
38 55 21
2 6 1619 0 3 1598 0
-12.3894 -16.1752 161.429
144 152 105
3 6 1196 0 4 1287 0 3 1193 0
-5.14856 -19.5104 160.77
128 146 72
2 0 1233 0 6 1297 0
-15.1753 0.78745 162.279
23 42 23
2 0 77 0 6 356 0
-17.3923 -8.52828 162.234
170 162 173
6 0 150 0 1 739 0 2 498 0 3 350 0 5 306 0 6 493 0
-14.0418 -29.9902 161.061
158 165 121
3 6 689 0 2 858 0 3 660 0
-21.9725 -9.4338 162.165
55 60 92
3 0 72 0 6 136 0 3 135 0
-0.557517 -31.5636 160.306
185 174 191
2 2 1279 0 3 1378 0
