drews 1.0
6 536
0.555536 0 0
0.65718 -0.753556 0.0163733
-0.753618 -0.657305 -0.0032492
0.0132107 -0.0102039 -0.999861
-2.84364 19.3448 198.412
0.555536 0 0
0.767228 -0.641373 -0.00152426
-0.641193 -0.766952 -0.0256174
0.0152613 0.0206317 -0.999671
23.0087 41.547 197.311
0.555536 0 0
0.747967 -0.663668 -0.00952431
-0.663653 -0.747569 -0.0265407
0.0104941 0.0261724 -0.999602
26.9463 14.7503 198.105
0.555536 0 0
0.642535 -0.766048 0.0178878
-0.766246 -0.642471 0.0098437
0.00395163 -0.0200313 -0.999792
-3.76185 3.78821 198.511
0.555536 0 0
0.801577 -0.597408 0.0240333
-0.596717 -0.801875 -0.0304419
0.0374579 0.0100605 -0.999248
-9.90296 38.4398 197.276
0.555536 0 0
0.749707 -0.661744 -0.00586593
-0.661605 -0.749293 -0.0289447
0.0147587 0.0255809 -0.999564
25.467 28.1892 197.726
2.69172 12.7404 163.02
39 49 74
2 0 840 0 3 792 0
31.1026 4.5414 162.059
209 204 200
2 0 1319 0 4 1267 0
38.8408 -2.02681 161.669
54 66 28
2 0 661 0 4 924 0
24.942 32.0302 163.015
210 211 177
3 5 862 0 1 772 0 4 757 0
17.4386 8.22079 162.535
124 137 65
2 0 164 0 4 17 0
21.3306 18.3299 162.793
120 123 156
2 5 1451 0 1 1373 0
5.66433 15.1471 162.981
164 160 159
2 0 62 0 3 236 0
15.73 5.06728 162.195
187 182 178
2 0 1447 0 3 1485 0
21.99 7.14712 162.429
196 191 188
3 0 1358 0 3 1392 0 4 1314 0
8.28694 9.76175 163.618
140 170 118
2 5 245 0 2 27 0
19.2041 -19.6426 161.267
210 205 199
2 0 1348 0 3 1380 0
21.9315 -13.659 162.037
183 178 175
2 0 13 0 3 250 0
22.5537 27.9278 162.864
172 179 111
2 0 850 0 4 563 0
7.81951 -0.317445 162.233
35 47 71
2 0 219 0 3 462 0
32.0838 33.7628 162.956
216 211 179
2 1 1431 0 4 1211 0
32.8709 37.0007 162.946
195 198 145
2 1 829 0 4 630 0
20.5976 30.6334 163.005
178 178 180
3 0 580 0 1 719 0 4 547 0
18.5252 28.0236 163.014
33 43 68
2 0 1191 0 4 1149 0
-6.8933 -1.74066 162.714
118 142 68
2 3 542 0 2 872 0
9.49086 1.05225 162.376
170 169 165
2 0 1301 0 3 1354 0
41.4341 -6.77423 161.555
186 181 178
2 0 989 0 4 958 0
31.9992 25.8375 162.98
129 142 99
2 5 1496 0 1 1519 0
9.24603 -2.46925 162.09
181 170 150
2 0 227 0 3 399 0
32.2632 5.85715 162.124
231 226 223
2 0 861 0 4 848 0
15.2704 28.2677 163.013
29 44 67
2 0 1296 0 4 1254 0
11.5943 5.14056 162.501
55 67 81
2 0 1356 0 3 1389 0
21.2262 16.4529 162.787
242 235 253
5 5 240 0 0 163 0 1 302 0 2 267 0 4 195 0
9.74567 0.394134 162.319
44 56 82
2 0 667 0 3 711 0
16.1111 3.32147 162.295
103 111 130
2 0 1432 0 3 1482 0
36.3606 5.31235 161.91
220 215 195
2 0 364 0 4 296 0
0.0472104 9.66598 162.928
106 102 125
3 5 740 0 0 664 0 3 575 0
17.9324 18.9258 162.883
238 224 237
5 5 1041 0 0 859 0 1 949 0 2 1000 0 4 822 0
40.7989 -6.95967 161.567
111 111 119
2 0 648 0 4 652 0
24.7128 14.2426 162.593
227 215 203
2 0 885 0 4 861 0
12.6544 -3.607 162.078
165 161 158
2 0 1073 0 3 1157 0
16.7896 3.87334 162.396
89 96 106
2 0 631 0 3 720 0
19.0272 30.898 163.022
38 53 82
2 0 1325 0 4 1264 0
-4.06134 9.2559 162.703
44 56 78
2 0 965 0 3 1064 0
16.2717 -1.07084 162.232
62 69 85
2 0 699 0 3 746 0
19.6249 13.1492 162.68
227 217 218
2 1 176 0 4 301 0
3.36589 9.19326 162.937
166 162 159
3 0 334 0 3 418 0 2 260 0
22.3131 6.68538 162.471
194 189 186
2 0 31 0 4 159 0
22.9456 6.45729 162.331
186 181 178
3 0 1242 0 3 1331 0 4 1145 0
42.3559 -6.51276 161.573
202 197 194
2 0 506 0 4 277 0
18.4836 27.0665 163.039
162 160 163
2 0 1040 0 4 898 0
18.7731 21.7234 162.884
198 193 189
3 0 538 0 1 624 0 4 567 0
36.3606 5.31235 161.91
220 215 195
2 0 365 0 4 295 0
8.62685 13.1345 163.091
212 210 162
2 5 1081 0 2 925 0
26.2346 34.6846 162.974
225 214 228
2 1 279 0 4 231 0
24.1611 7.05355 162.456
192 187 184
2 0 726 0 4 841 0
18.9608 17.4032 162.825
81 94 138
4 5 441 0 0 477 0 1 486 0 4 507 0
33.6573 35.2918 162.919
233 227 203
2 1 1567 0 4 1356 0
20.6505 32.2781 162.975
58 71 123
2 1 1079 0 4 937 0
28.3469 2.90919 162.048
132 159 66
2 0 1113 0 4 1112 0
10.4395 -7.21286 162.158
137 156 67
2 0 1317 0 3 1305 0
29.071 14.3146 162.472
226 215 209
2 0 338 0 4 278 0
20.8851 20.8784 162.887
228 218 219
4 5 733 0 0 572 0 1 593 0 4 476 0
8.6729 4.74134 162.461
67 71 108
3 5 518 0 0 349 0 2 390 0
14.081 0.732966 162.35
41 55 81
2 0 1496 0 3 1564 0
23.7765 -0.108398 162.564
186 183 142
2 0 1420 0 3 1458 0
16.4127 11.5792 162.807
187 179 156
3 0 1008 0 3 876 0 4 928 0
39.9657 -3.10237 161.567
84 88 89
2 0 102 0 4 36 0
12.9303 3.90416 162.371
162 158 159
2 0 1410 0 3 1456 0
20.0397 27.252 163.033
226 225 207
3 5 864 0 0 608 0 4 530 0
27.212 37.0324 162.906
224 214 225
2 1 613 0 4 288 0
7.22878 2.2275 162.455
56 63 107
2 5 23 0 3 14 0
28.9336 2.34196 162.149
166 182 94
2 0 511 0 4 521 0
33.4447 -2.52494 161.839
127 148 71
2 0 530 0 4 480 0
17.4158 19.9552 162.978
243 231 241
3 5 691 0 1 653 0 2 648 0
21.684 -1.8474 162.18
151 166 81
2 0 716 0 3 700 0
37.6867 33.0741 162.496
192 197 139
2 1 82 0 4 221 0
19.0936 27.5306 163.091
129 133 145
2 0 141 0 4 148 0
7.17932 16.9777 163.019
171 166 162
3 0 1235 0 3 1222 0 4 1142 0
22.2038 17.6634 162.793
124 122 143
4 5 479 0 0 21 0 1 117 0 2 285 0
14.3812 -1.4775 162.261
153 149 146
2 0 1344 0 3 1393 0
37.0161 35.6314 162.708
208 210 161
2 1 463 0 4 645 0
6.79909 6.67649 162.715
160 174 97
4 5 1562 0 0 1406 0 3 1460 0 2 1636 0
19.034 26.703 163.037
218 211 219
4 5 468 0 0 616 0 1 667 0 4 520 0
30.254 17.7407 162.548
137 157 86
2 0 291 0 4 245 0
2.438 7.42583 162.916
166 163 158
3 0 1359 0 3 1385 0 2 1547 0
0.232026 15.2483 163.099
21 32 28
2 0 835 0 3 909 0
26.4607 38.3589 162.801
107 107 135
2 1 341 0 4 265 0
17.109 -1.0497 162.256
168 163 160
2 0 1354 0 3 1364 0
12.214 2.84224 162.359
44 58 84
2 0 697 0 3 645 0
7.13337 3.42106 162.538
36 48 74
2 0 1414 0 3 1457 0
29.9964 15.2625 162.498
193 183 174
2 0 373 0 4 478 0
29.6389 27.9644 162.695
187 193 129
2 1 1276 0 4 1088 0
8.37814 19.6656 162.987
127 131 143
2 3 554 0 4 590 0
12.7921 -4.28982 161.871
174 170 167
2 0 1498 0 3 1565 0
8.38048 11.4139 163.191
164 174 101
2 5 1344 0 2 1388 0
7.45106 2.79866 162.523
34 48 74
2 0 1482 0 3 1539 0
24.7063 34.4098 163.001
83 95 137
2 1 1147 0 4 1021 0
19.3431 9.70625 162.455
109 137 53
2 0 1149 0 3 1221 0
-5.38545 3.01846 162.744
63 70 89
2 3 1076 0 2 1093 0
7.94543 17.6319 163.052
177 172 168
3 0 1070 0 3 1141 0 4 1102 0
34.2868 4.15697 161.959
184 179 176
2 0 1146 0 4 1128 0
5.44395 14.9906 162.992
148 144 143
2 0 950 0 3 970 0
22.085 4.30821 162.329
204 201 186
3 0 802 0 3 849 0 4 777 0
28.6109 17.1631 162.669
67 85 35
2 0 460 0 4 174 0
17.7635 16.3705 162.877
53 72 52
2 0 1494 0 4 1467 0
21.2492 30.7445 162.999
86 91 129
2 1 1052 0 4 929 0
17.6595 21.5904 162.942
189 184 181
3 0 1076 0 1 1126 0 2 1230 0
-1.69892 11.7602 162.799
31 43 67
2 0 566 0 3 653 0
10.9408 -0.0965573 162.302
46 57 79
2 0 100 0 3 123 0
11.9579 15.5689 163.122
170 182 108
2 5 603 0 2 272 0
19.2427 0.487332 162.464
137 156 77
2 0 845 0 3 798 0
34.4839 36.9321 162.874
239 231 212
2 1 1583 0 4 1379 0
16.4392 20.3607 162.9
183 170 179
5 5 962 0 0 836 0 1 736 0 2 883 0 4 656 0
29.3112 8.96964 162.382
231 223 221
2 0 1460 0 4 1425 0
37.1275 3.20626 161.88
211 206 202
2 0 853 0 4 742 0
20.78 1.39811 162.44
189 189 137
2 0 562 0 3 714 0
2.15027 5.89576 162.851
185 181 178
3 0 1364 0 3 1407 0 2 1572 0
27.8023 3.88498 162.17
162 181 100
2 0 445 0 4 405 0
23.7633 30.0384 163.002
207 205 164
2 1 550 0 4 373 0
22.9826 2.39479 162.208
178 190 114
2 0 1389 0 3 1436 0
19.7146 10.8533 162.5
110 130 67
3 0 672 0 3 682 0 4 880 0
19.2951 6.85389 162.488
195 190 186
2 0 1455 0 3 1494 0
17.3106 18.0908 162.933
222 206 206
3 5 1064 0 1 1023 0 4 867 0
29.8024 33.5093 162.969
188 194 134
2 1 1228 0 4 1087 0
33.9696 35.3002 162.848
241 233 212
2 1 326 0 4 417 0
14.9878 -0.354414 162.277
39 53 79
2 0 620 0 3 563 0
20.7027 16.1559 162.801
116 120 157
3 5 595 0 0 912 0 1 527 0
5.15555 18.2724 162.963
31 43 65
3 0 628 0 3 684 0 4 639 0
25.2143 36.9606 162.895
83 88 120
2 1 307 0 4 397 0
10.6187 2.01051 162.403
186 177 198
3 5 1259 0 0 1056 0 3 1090 0
22.5537 27.9278 162.864
172 179 111
2 0 849 0 4 562 0
1.61007 15.7344 162.698
31 43 65
2 0 1183 0 3 1232 0
13.5031 8.82875 162.841
28 45 11
3 0 1285 0 3 1139 0 2 1094 0
19.8708 31.8046 162.954
37 51 78
3 0 157 0 1 127 0 4 38 0
21.6233 26.7895 162.84
228 223 191
2 5 90 0 1 412 0
8.79498 4.04887 162.439
61 69 115
2 5 230 0 2 94 0
2.58467 7.85463 162.864
199 188 202
4 5 974 0 0 995 0 3 1028 0 2 1135 0
-0.498053 10.1316 162.977
173 169 168
2 0 1000 0 3 1035 0
7.22632 17.6308 163.037
81 80 96
2 3 386 0 4 5 0
34.6139 31.7107 162.738
199 206 152
2 1 1094 0 4 1042 0
19.4274 26.9996 163.019
104 104 130
4 5 226 0 0 259 0 1 332 0 4 211 0
35.1533 30.8774 162.605
173 184 118
2 1 1366 0 4 1274 0
23.6656 18.9857 162.667
200 205 141
3 5 1485 0 0 1357 0 1 1440 0
40.4829 -3.47521 161.567
193 189 188
2 0 874 0 4 790 0
40.7989 -6.95967 161.567
111 111 119
2 0 647 0 4 653 0
16.0718 30.7574 162.845
27 42 63
2 0 1151 0 4 1135 0
20.0303 17.9057 162.818
93 102 143
4 5 225 0 1 385 0 2 302 0 4 318 0
4.19446 6.74904 162.745
185 177 188
2 5 80 0 0 350 0
16.9619 16.1496 163.108
27 42 23
2 0 911 0 4 859 0
11.5417 5.12525 162.475
77 92 111
2 5 1522 0 2 1562 0
36.658 32.0159 162.528
177 194 124
2 1 1411 0 4 1272 0
23.6967 33.5418 162.942
227 218 235
3 5 942 0 1 789 0 4 695 0
17.8616 -16.5023 161.441
180 175 172
2 0 659 0 3 593 0
34.1954 33.068 162.762
183 186 129
2 1 186 0 4 338 0
20.6417 -17.8812 161.237
178 173 153
2 0 843 0 3 809 0
6.87967 11.748 163.061
211 207 160
2 5 804 0 2 960 0
6.78248 16.1427 163.006
42 48 70
3 0 968 0 3 971 0 4 950 0
2.69879 6.88654 162.823
166 162 159
2 0 743 0 3 707 0
23.7633 30.0384 163.002
207 205 164
2 1 552 0 4 372 0
13.893 3.88955 162.386
82 88 100
2 0 288 0 3 133 0
16.0435 2.21757 162.378
60 73 90
2 0 496 0 3 478 0
26.3713 34.4058 162.996
220 210 208
2 1 1296 0 4 1113 0
15.4679 19.4778 162.884
186 165 170
3 5 160 0 1 74 0 2 205 0
25.1674 36.2595 162.969
222 214 229
2 1 1085 0 4 879 0
11.2373 10.1178 162.834
122 135 63
2 0 485 0 2 332 0
22.8356 32.9106 162.879
85 96 141
2 1 1425 0 4 1252 0
8.85598 14.5812 162.784
172 193 118
3 5 1561 0 3 1432 0 2 1638 0
-6.21929 3.87033 162.842
186 180 182
2 3 1319 0 2 1505 0
-4.73273 4.74498 162.803
63 65 88
2 3 401 0 2 537 0
-6.29749 3.0436 162.777
63 69 93
2 3 763 0 2 974 0
37.8311 0.777786 161.633
201 196 192
2 0 1365 0 4 1319 0
10.4496 -6.31521 162.049
42 64 15
2 0 254 0 3 215 0
28.5025 4.49174 162.331
133 159 70
2 0 1424 0 4 1392 0
7.4502 11.052 163.091
205 205 155
2 5 365 0 2 452 0
30.4906 33.8125 163.017
206 208 158
2 1 1056 0 4 914 0
21.5328 5.49897 162.163
181 177 174
2 0 1329 0 4 1278 0
22.0838 17.4264 162.781
105 110 142
4 5 1242 0 1 1177 0 2 1239 0 4 1043 0
21.8462 -17.1848 161.222
174 169 147
2 0 487 0 3 374 0
-1.68974 5.12125 162.762
188 184 181
2 0 1018 0 2 1046 0
11.2508 9.59983 162.849
162 159 142
4 5 328 0 0 140 0 3 25 0 2 292 0
21.855 28.5405 163.05
84 90 78
4 5 1237 0 0 1106 0 1 1169 0 4 997 0
15.4001 21.9039 162.931
184 179 175
2 0 470 0 4 134 0
31.3755 8.09138 162.249
182 177 173
2 0 1323 0 4 1280 0
29.4707 13.6619 162.438
244 233 227
2 0 534 0 4 182 0
29.3432 26.7893 162.78
212 212 160
3 5 1020 0 1 1038 0 4 876 0
3.67449 12.1412 162.971
205 199 213
4 5 604 0 0 149 0 3 97 0 2 198 0
31.2277 37.5253 162.946
222 219 186
2 1 1262 0 4 1143 0
7.66692 11.4705 163.112
165 168 101
2 0 209 0 3 137 0
35.3834 32.4369 162.622
213 214 170
2 1 1352 0 4 1161 0
16.6776 -7.35972 161.902
144 139 136
2 0 1019 0 3 1082 0
16.1586 25.2966 163.09
45 60 83
2 0 999 0 4 850 0
20.9687 12.4388 162.774
185 181 178
3 0 1094 0 1 1219 0 4 1015 0
0.309476 11.1595 162.951
152 150 151
2 0 52 0 3 45 0
1.02316 4.98402 162.855
161 157 154
2 0 827 0 2 825 0
6.68543 12.4502 162.871
170 187 116
4 5 1372 0 0 1241 0 3 1227 0 2 1374 0
-226.811 151.187 -542.256
39 59 24
2 1 1318 0 4 1326 0
20.3694 2.66461 162.334
131 151 79
2 0 669 0 3 731 0
8.27193 18.3988 162.993
61 68 86
3 0 1145 0 3 1203 0 4 1119 0
13.1542 4.84303 162.355
116 108 129
2 5 1 0 0 113 0
34.1954 33.068 162.762
183 186 129
2 1 185 0 4 339 0
25.9847 7.44461 162.228
200 195 192
2 0 1255 0 4 1260 0
9.22332 2.13235 162.42
62 72 121
3 5 79 0 3 261 0 2 407 0
31.2976 33.865 162.96
193 196 143
2 1 547 0 4 577 0
35.3834 32.4369 162.622
213 214 170
2 1 1353 0 4 1162 0
20.3858 8.07076 162.513
195 187 185
3 0 601 0 3 615 0 4 309 0
29.0407 -2.64149 161.787
121 150 57
2 0 1069 0 3 1052 0
7.09972 18.0053 163.037
69 79 106
2 3 1197 0 4 1126 0
6.87967 11.748 163.061
211 207 160
2 5 805 0 2 959 0
4.97231 14.0501 162.936
163 159 156
2 0 952 0 2 1252 0
10.737 7.07715 162.714
148 157 94
2 3 392 0 2 192 0
11.2181 12.3481 163.039
219 215 188
4 5 690 0 0 228 0 3 614 0 2 609 0
24.4487 -3.48887 162.875
115 146 53
2 0 1456 0 3 1524 0
8.41618 3.66366 162.471
40 53 87
2 3 1165 0 2 1347 0
33.7351 33.837 162.643
186 194 135
2 1 546 0 4 581 0
24.2623 28.7964 162.891
209 214 156
2 5 912 0 1 890 0
21.2492 30.7445 162.999
86 91 129
2 1 1051 0 4 930 0
9.09753 5.91298 162.614
123 140 62
3 0 393 0 3 725 0 2 718 0
34.4879 32.8227 162.616
188 191 136
2 1 1338 0 4 1160 0
-0.708536 4.88488 162.694
166 162 159
2 0 719 0 3 372 0
17.0787 21.7599 162.8
197 192 188
2 0 1506 0 4 1475 0
5.94247 2.0652 162.409
27 34 53
2 0 877 0 3 894 0
19.0957 -11.564 161.54
171 166 163
2 0 758 0 3 949 0
21.1368 8.6768 161.939
179 174 171
3 0 1236 0 3 1013 0 4 1237 0
10.5639 8.61386 162.874
191 192 158
2 0 501 0 3 545 0
41.4341 -6.77423 161.555
186 181 178
2 0 990 0 4 959 0
32.7176 7.5148 162.104
221 214 198
2 0 746 0 4 759 0
31.3983 18.3644 162.673
149 162 92
2 0 855 0 4 854 0
21.7609 3.54803 162.344
129 140 71
2 0 271 0 4 395 0
11.0947 -11.2111 161.769
37 57 20
2 0 930 0 3 915 0
25.2631 34.8833 162.975
216 209 225
2 1 791 0 4 614 0
30.1865 11.7973 162.463
213 208 204
2 0 1280 0 4 1243 0
11.195 9.23557 162.939
57 73 46
3 5 983 0 0 33 0 2 114 0
19.9336 -1.37223 162.342
109 137 50
2 0 702 0 3 558 0
16.777 1.03639 162.328
46 58 82
2 0 1220 0 3 1251 0
33.5317 4.85046 162.012
198 193 189
2 0 979 0 4 955 0
7.74589 20.1645 163.021
37 51 86
2 3 1463 0 4 1368 0
29.6332 3.19074 162.235
217 210 194
2 0 1047 0 4 1000 0
22.5443 14.5868 162.749
225 217 214
2 0 903 0 1 1041 0
15.305 4.51325 162.393
191 186 183
2 0 1011 0 3 1047 0
11.9043 4.48456 162.355
77 84 126
3 5 397 0 3 263 0 2 41 0
40.4829 -3.47521 161.567
193 189 188
2 0 873 0 4 789 0
17.1203 11.4443 162.745
183 179 152
3 0 546 0 2 620 0 4 497 0
23.695 28.332 162.836
205 213 153
3 5 384 0 1 284 0 4 243 0
22.7861 -3.30644 162.071
110 141 47
2 0 443 0 3 504 0
21.5301 24.8913 162.756
179 190 122
2 5 789 0 1 722 0
7.9366 5.26367 162.531
229 221 210
4 5 663 0 0 521 0 3 644 0 2 732 0
33.8941 8.12128 162.131
131 155 71
2 0 1377 0 4 1322 0
25.2896 34.3456 162.96
109 113 142
2 1 579 0 4 527 0
26.4339 10.1653 162.284
200 196 193
2 0 325 0 4 528 0
16.7681 2.00137 162.334
179 175 172
2 0 1200 0 3 1229 0
15.8197 1.60783 162.332
175 171 172
2 0 1065 0 3 1110 0
11.0644 0.968018 162.374
40 52 78
2 0 1310 0 3 1348 0
-2.84596 7.13289 162.803
181 176 172
2 0 461 0 3 536 0
19.962 28.0601 163.029
79 92 134
2 5 249 0 1 451 0
4.84132 12.3883 162.9
185 180 184
2 3 1467 0 2 1689 0
9.74648 5.60347 162.529
76 93 59
3 5 988 0 3 1003 0 2 983 0
22.1156 20.6413 162.873
223 221 182
3 5 978 0 1 980 0 4 749 0
34.7682 2.22791 161.837
209 208 190
2 0 531 0 4 316 0
13.6055 11.9739 162.909
55 75 22
2 0 754 0 3 825 0
9.69828 12.3743 163.081
120 142 60
2 0 780 0 3 587 0
22.5179 0.0140029 161.951
122 148 51
2 0 1369 0 3 1399 0
20.2526 -8.70618 161.933
151 169 83
2 0 401 0 3 613 0
27.4823 26.2493 162.839
171 182 126
2 1 959 0 4 714 0
29.349 23.0179 162.695
88 104 55
2 1 335 0 4 510 0
8.85278 1.36259 162.392
63 72 115
4 5 161 0 0 180 0 3 189 0 2 126 0
31.4567 34.8854 162.855
182 187 131
2 1 1518 0 4 1263 0
21.5328 -2.80391 162.116
106 135 45
2 0 1015 0 3 1169 0
16.6502 18.8846 162.925
240 219 224
3 5 1068 0 0 887 0 4 856 0
3.8426 8.90626 162.901
150 139 155
3 5 737 0 0 1035 0 3 1040 0
21.0844 14.1441 162.76
235 223 235
4 5 162 0 0 339 0 1 263 0 4 88 0
29.3582 10.5841 162.268
208 203 200
2 0 69 0 4 341 0
35.8372 35.2001 162.734
228 227 181
2 1 25 0 4 164 0
16.9278 19.6768 162.871
175 166 157
2 0 946 0 4 927 0
38.0107 2.81253 161.824
211 206 202
2 0 1130 0 4 1035 0
29.1469 25.171 162.784
123 135 85
2 1 331 0 4 230 0
9.93691 2.54267 162.431
69 72 113
4 5 601 0 0 337 0 3 412 0 2 538 0
29.3617 19.2385 162.687
51 70 24
2 0 287 0 4 302 0
11.9471 9.62694 162.794
188 180 157
2 0 1006 0 2 1270 0
23.5033 20.5679 162.639
192 204 132
2 5 1518 0 1 1535 0
17.2621 -17.9111 161.331
181 177 178
2 0 715 0 3 712 0
9.4202 20.4593 163.025
38 50 74
3 0 937 0 3 924 0 4 948 0
24.8335 30.4249 163.072
215 209 173
2 1 1014 0 4 811 0
15.6747 -9.43315 161.899
185 179 179
2 0 1007 0 3 1155 0
17.9912 24.3348 163.012
183 178 174
2 0 639 0 4 651 0
13.0258 -1.3776 162.273
40 54 83
2 0 1333 0 3 1379 0
7.85014 19.2457 163.019
62 70 89
3 0 945 0 3 950 0 4 921 0
26.6148 12.4558 162.601
232 222 220
2 0 1265 0 4 1221 0
17.0892 29.0379 163.018
27 41 67
2 0 129 0 4 275 0
30.3824 8.53231 162.287
229 219 217
2 0 941 0 4 852 0
18.2531 13.4402 162.796
121 135 58
2 0 570 0 4 511 0
15.3613 20.2449 162.956
197 190 184
2 0 1131 0 4 1023 0
15.9356 12.0223 163.184
132 139 69
2 0 447 0 3 770 0
-0.638634 7.68071 162.945
164 160 157
2 0 187 0 2 656 0
12.3817 20.4359 163.155
184 181 176
2 0 1401 0 4 1352 0
17.2295 20.7416 162.864
199 194 190
3 0 495 0 1 395 0 2 190 0
10.034 0.883655 162.397
193 188 208
3 5 967 0 0 722 0 3 766 0
21.9212 -10.8151 161.8
121 145 57
2 0 621 0 3 662 0
9.74648 5.60347 162.529
76 93 59
3 5 987 0 3 1004 0 2 984 0
12.5599 13.3363 163.148
207 200 182
2 5 470 0 2 223 0
15.3596 20.265 162.924
197 190 184
3 0 1132 0 2 1380 0 4 1022 0
28.1686 24.922 162.795
137 147 97
2 1 1065 0 4 882 0
14.8243 8.95398 162.609
130 149 67
2 0 1266 0 3 1332 0
14.5829 8.449 162.747
105 129 45
2 0 27 0 2 293 0
33.5085 7.09507 162.081
215 209 193
2 0 1030 0 4 966 0
10.5639 8.61386 162.874
191 192 158
2 0 500 0 3 546 0
18.7304 8.21964 162.459
115 138 58
3 0 1345 0 3 1358 0 4 1271 0
13.7759 12.4315 163.127
127 142 87
2 0 1426 0 3 1477 0
18.0315 1.90428 162.081
171 167 164
2 0 309 0 3 572 0
11.9579 15.5689 163.122
170 182 108
2 5 602 0 2 271 0
11.0947 -11.2111 161.769
37 57 20
2 0 931 0 3 916 0
17.3442 18.9977 162.91
224 205 211
4 5 1655 0 0 1444 0 1 1609 0 4 1414 0
13.6055 18.1715 162.985
165 186 111
3 5 1124 0 2 1045 0 4 977 0
11.8262 21.0966 163.018
46 53 72
3 0 210 0 3 334 0 4 281 0
22.1463 22.764 162.798
189 195 133
2 5 1156 0 0 1186 0
21.824 10.1896 162.638
183 179 176
2 0 32 0 4 171 0
10.7521 -3.2307 161.874
174 170 167
2 0 1461 0 3 1520 0
20.2526 -8.70618 161.933
151 169 83
2 0 402 0 3 611 0
23.2308 -17.6022 161.496
110 143 62
2 0 354 0 3 262 0
25.2631 34.8833 162.975
216 209 225
2 1 790 0 4 613 0
-8.10439 0.137476 162.869
178 172 176
2 3 1228 0 2 1390 0
7.45744 10.9827 163.048
163 169 99
2 0 193 0 3 310 0
5.12563 1.3899 162.556
37 46 61
2 3 1109 0 2 1296 0
11.1484 14.5139 163.02
147 174 97
3 5 1563 0 3 1387 0 2 1596 0
21.455 5.57131 162.433
181 177 174
2 0 1328 0 3 1373 0
17.9196 26.3148 163.052
54 65 87
2 0 1079 0 4 1046 0
34.7737 34.9516 162.718
226 221 179
2 1 80 0 4 42 0
33.5317 4.85046 162.012
198 193 189
2 0 980 0 4 956 0
30.0275 16.1282 162.528
212 207 178
2 0 1127 0 4 1066 0
22.752 -11.7641 161.734
164 168 131
2 0 454 0 3 187 0
33.2726 37.7185 162.922
193 201 150
2 1 167 0 4 121 0
30.0077 18.6507 162.6
143 164 85
2 0 1059 0 4 973 0
21.2206 28.313 163.002
69 84 65
4 5 270 0 0 258 0 1 214 0 4 75 0
23.5527 1.17476 162.378
126 153 60
2 0 1322 0 3 1359 0
11.1618 8.66461 163.114
171 190 145
2 5 913 0 2 939 0
10.5748 5.63313 162.44
126 140 61
3 0 1165 0 3 1121 0 2 1378 0
17.9804 16.0757 162.888
43 64 55
3 5 472 0 0 505 0 1 473 0
4.20921 7.59714 162.77
183 167 178
3 5 844 0 0 649 0 3 706 0
16.9589 14.4862 163.02
154 164 101
3 0 333 0 3 177 0 2 1522 0
26.5799 30.7295 163.098
190 191 134
2 1 539 0 4 345 0
27.9171 22.2968 162.713
151 170 88
2 0 298 0 4 242 0
17.9968 24.9702 163.13
109 109 111
3 0 588 0 1 857 0 4 721 0
29.1213 15.1366 162.581
205 204 176
2 0 329 0 4 408 0
27.3747 30.4488 163.064
184 188 127
2 1 1487 0 4 1312 0
18.2177 9.88131 162.735
142 153 75
3 0 1194 0 3 1233 0 4 1220 0
26.3904 13.7374 162.553
212 196 183
2 0 717 0 4 541 0
28.5751 7.67008 162.424
197 192 189
2 0 657 0 4 770 0
7.76037 21.0482 162.741
27 42 63
2 0 404 0 3 341 0
3.35319 5.03702 162.758
184 179 183
2 3 364 0 2 373 0
20.2002 29.9304 163.005
44 59 88
3 0 882 0 1 921 0 4 800 0
11.2552 3.28971 162.283
62 74 126
2 5 1008 0 0 319 0
11.9873 20.0794 163.031
221 211 222
2 5 1708 0 2 1747 0
23.059 33.5125 163.059
64 76 118
2 1 934 0 4 794 0
5.0765 7.26627 162.874
237 219 215
2 5 82 0 2 440 0
2.4529 6.39201 162.842
181 177 174
3 0 72 0 3 168 0 2 7 0
19.8177 -1.66632 162.399
110 136 49
2 0 1101 0 3 1115 0
24.6465 1.85388 162.665
119 144 50
2 0 793 0 3 1009 0
6.8632 6.66762 162.654
136 153 75
2 3 1461 0 2 1637 0
15.5779 23.9245 163.064
61 69 90
2 0 1188 0 4 1217 0
11.4349 10.4175 163.048
165 176 110
2 5 1116 0 2 1121 0
7.28091 4.91309 162.519
199 189 200
4 5 1669 0 0 1437 0 3 1487 0 2 1720 0
4.83803 7.5119 162.705
234 214 207
2 5 1095 0 0 832 0
21.8883 21.8847 162.888
225 220 178
4 5 760 0 0 626 0 1 662 0 4 578 0
21.428 33.8525 162.962
59 70 116
2 1 571 0 4 432 0
22.3171 18.445 162.847
209 202 183
3 5 1446 0 0 1190 0 1 1312 0
-1.32791 10.9894 162.901
43 54 72
2 0 410 0 3 450 0
27.8027 12.6436 162.485
235 226 221
2 0 1281 0 4 1193 0
8.01937 4.31193 162.516
204 197 215
4 5 1065 0 0 761 0 3 795 0 2 1049 0
16.777 1.03639 162.328
46 58 82
2 0 1219 0 3 1250 0
36.5496 2.90519 161.88
185 180 176
2 0 629 0 4 719 0
9.16474 3.56491 162.44
168 163 193
4 5 682 0 0 419 0 3 425 0 2 585 0
25.7395 35.465 162.979
115 121 155
2 1 1374 0 4 1202 0
16.6392 -5.43126 161.947
146 141 137
2 0 813 0 3 999 0
2.3202 3.88998 162.652
168 163 159
2 0 1049 0 2 1159 0
14.9929 19.4327 162.883
197 187 177
2 0 121 0 4 95 0
25.1155 -15.038 161.584
166 163 154
2 0 796 0 3 861 0
17.9731 12.9712 162.775
143 155 81
3 0 577 0 3 623 0 4 437 0
1.201 6.22833 163.09
172 167 164
2 0 1140 0 3 1060 0
16.5403 14.7951 163.009
47 63 18
2 0 224 0 4 374 0
40.4829 -3.47521 161.567
193 189 188
2 0 875 0 4 788 0
8.22176 12.1657 163.027
175 178 109
3 0 346 0 3 23 0 2 310 0
15.7346 0.226704 162.218
53 67 93
2 0 1052 0 3 1034 0
25.2249 9.77762 162.408
205 200 197
2 0 914 0 4 1027 0
13.2474 21.8683 163.037
48 62 89
2 0 1321 0 4 1279 0
9.16474 3.56491 162.44
168 163 193
4 5 683 0 0 420 0 3 426 0 2 586 0
10.3876 20.4789 163.026
72 78 94
3 0 656 0 3 651 0 4 608 0
19.436 1.15894 162.367
135 142 74
2 0 321 0 3 188 0
27.0612 35.1269 162.946
114 119 139
2 1 1435 0 4 1255 0
13.9514 10.3311 162.789
113 138 55
3 0 825 0 2 1015 0 4 786 0
25.1674 36.2595 162.969
222 214 229
2 1 1087 0 4 878 0
36.658 32.0159 162.528
177 194 124
2 1 1410 0 4 1273 0
12.5509 4.90503 162.336
166 163 158
2 0 959 0 3 974 0
32.8604 2.82225 161.967
77 98 42
2 0 148 0 4 514 0
13.9841 10.2824 162.767
113 138 55
3 0 826 0 3 881 0 2 1016 0
17.4504 23.1063 163.016
180 175 172
3 0 152 0 1 423 0 4 31 0
22.3046 10.6234 162.586
196 192 189
2 0 681 0 4 913 0
7.01976 4.40942 162.473
170 164 164
2 0 868 0 3 844 0
8.0739 16.8337 162.985
164 161 156
2 0 241 0 4 90 0
17.8924 17.791 162.841
70 69 100
3 5 123 0 0 516 0 4 657 0
24.3861 16.7406 162.788
184 194 131
3 5 64 0 0 293 0 1 100 0
16.1026 19.557 162.934
238 219 225
2 5 1274 0 2 1314 0
40.3188 -7.41176 161.55
188 183 180
2 0 712 0 4 694 0
36.9279 -1.38001 161.814
165 179 92
2 0 1334 0 4 1323 0
4.97231 14.0501 162.936
163 159 156
2 0 951 0 2 1251 0
20.7435 -14.4434 161.474
180 175 171
2 0 676 0 3 751 0
37.1275 3.20626 161.88
211 206 202
2 0 852 0 4 743 0
16.9075 -12.3001 161.447
173 168 164
2 0 1324 0 3 1382 0
18.8367 15.9573 162.805
73 85 133
3 5 190 0 1 373 0 4 35 0
18.6604 20.9357 162.978
229 219 230
3 5 1043 0 1 961 0 4 858 0
9.80097 3.56648 162.404
47 57 82
3 0 435 0 3 438 0 2 601 0
13.9878 -0.399598 162.342
47 62 83
2 0 923 0 3 893 0
16.8864 12.9227 162.831
139 157 73
2 0 982 0 3 1118 0
28.9593 32.5539 162.939
169 177 117
2 1 1100 0 4 971 0
17.106 -13.3332 161.813
171 166 163
2 0 1435 0 3 1501 0
19.8177 -1.66632 162.399
110 136 49
2 0 1100 0 3 1116 0
8.35643 16.7615 163.228
171 168 163
2 0 1480 0 3 1553 0
14.043 0.954009 162.371
40 54 81
2 0 862 0 3 859 0
20.0166 9.15403 162.605
206 198 195
3 0 1237 0 3 1302 0 4 1124 0
13.2628 16.801 163.17
215 208 180
2 5 900 0 1 698 0
21.307 21.3501 162.989
177 188 120
4 5 1403 0 0 1171 0 1 1363 0 4 1146 0
28.8203 36.0631 163.024
199 196 161
2 1 669 0 4 539 0
20.2571 -10.5197 161.813
127 151 73
2 0 274 0 3 516 0
11.2568 8.00625 163.067
140 152 112
2 5 809 0 2 1070 0
34.2256 6.59747 162.065
215 213 192
2 0 938 0 4 821 0
19.8813 31.7988 162.937
37 51 78
2 0 158 0 1 128 0
27.9502 27.2252 162.795
224 223 175
3 5 753 0 1 678 0 4 523 0
26.2351 26.9992 162.843
203 204 147
2 1 511 0 4 457 0
29.2833 36.6152 162.983
197 194 161
2 1 442 0 4 344 0
13.875 5.11608 162.418
181 176 173
2 0 1128 0 3 1164 0
17.7933 15.43 163.389
48 69 50
3 5 1586 0 0 1408 0 1 1547 0
17.8173 -7.13278 162.048
136 151 66
2 0 981 0 3 1017 0
41.4763 -4.29693 161.601
66 80 106
2 0 1202 0 4 1180 0
18.4836 27.0665 163.039
162 160 163
2 0 1041 0 4 899 0
36.0186 -1.5214 161.663
140 159 69
2 0 399 0 4 402 0
24.322 -15.8647 161.374
168 162 138
2 0 1428 0 3 1480 0
16.1026 19.557 162.934
238 219 225
2 5 1276 0 2 1313 0
20.1927 19.1059 162.89
244 232 242
4 5 1608 0 0 1409 0 1 1570 0 4 1383 0
15.6015 21.3974 162.9
196 191 187
2 0 363 0 4 534 0
29.7338 20.8552 162.642
164 172 97
2 0 1058 0 4 969 0
3.75421 14.4675 162.949
41 52 74
3 0 666 0 3 667 0 2 698 0
11.5426 0.541943 162.261
34 46 70
2 0 244 0 3 416 0
30.6998 30.9263 163.059
176 187 121
2 1 792 0 4 711 0
35.1397 -3.12356 161.752
172 164 128
2 0 809 0 4 752 0
41.4763 -4.29693 161.601
66 80 106
2 0 1203 0 4 1179 0
28.9336 2.34196 162.149
166 182 94
2 0 512 0 4 522 0
5.67435 15.6108 163.02
53 56 73
2 0 609 0 3 602 0
24.3441 4.50839 162.366
147 159 83
3 0 1048 0 3 1039 0 4 1029 0
34.1679 6.02059 162.046
186 178 175
2 0 808 0 4 628 0
13.2628 16.801 163.17
215 208 180
2 5 899 0 1 700 0
0.0472104 9.66598 162.928
106 102 125
3 5 741 0 0 663 0 3 576 0
37.2335 2.308 161.716
185 180 177
2 0 1060 0 4 1010 0
13.5455 3.56436 162.413
164 163 168
2 0 111 0 3 232 0
-0.0938681 9.0467 162.884
181 174 190
3 5 982 0 0 775 0 3 840 0
29.8996 12.8936 162.492
217 209 206
2 0 205 0 4 194 0
2.27395 17.273 162.884
23 31 33
2 0 584 0 3 522 0
40.4369 -4.35669 161.575
147 149 161
2 0 290 0 4 251 0
14.8303 3.56664 162.453
53 65 91
2 0 684 0 3 660 0
17.4364 0.13156 162.311
52 64 86
2 0 964 0 3 962 0
16.7567 13.5284 163.167
117 136 54
2 0 380 0 3 724 0
17.4386 8.22079 162.535
124 137 65
2 0 165 0 4 18 0
31.609 17.1432 162.329
186 178 165
2 0 409 0 4 85 0
37.397 -1.75839 161.691
161 174 94
2 0 212 0 4 384 0
17.109 -1.0497 162.256
168 163 160
2 0 1355 0 3 1365 0
8.46718 12.7133 162.934
151 151 91
3 0 1388 0 3 1425 0 2 1633 0
5.96065 14.16 163.04
168 165 160
2 0 1474 0 3 1532 0
10.9068 20.1677 162.983
176 171 168
3 0 144 0 3 526 0 4 303 0
11.8649 13.0618 163.061
230 219 201
2 5 1253 0 3 1219 0
28.5165 27.756 162.892
201 207 145
2 1 245 0 4 3 0
17.7938 16.3853 162.897
91 104 139
4 5 1758 0 0 1495 0 1 1707 0 4 1466 0
20.3694 2.66461 162.334
131 151 79
2 0 670 0 3 730 0
19.5796 7.83447 162.032
196 191 187
2 0 1187 0 3 968 0
32.0691 26.105 162.794
112 123 80
3 5 692 0 1 870 0 4 555 0
16.5282 -17.0591 161.39
83 86 103
2 0 747 0 3 756 0
32.5186 8.00111 162.143
202 200 177
2 0 1144 0 4 1091 0
21.9346 -9.20626 162.259
130 156 65
2 0 1061 0 3 1100 0
14.3075 3.01551 162.387
47 58 88
2 0 884 0 3 875 0
28.5959 17.1829 162.876
67 85 35
2 0 768 0 4 175 0
29.867 16.7784 162.53
117 140 72
2 0 153 0 4 425 0
13.6131 18.8113 163.058
194 201 149
2 5 407 0 2 691 0
8.64923 13.0523 162.979
212 210 162
4 5 1080 0 0 737 0 3 713 0 2 926 0
5.95268 7.00112 162.902
199 198 144
2 5 251 0 2 156 0
7.85014 19.2457 163.019
62 70 89
3 0 944 0 3 951 0 4 920 0
18.6498 18.8268 162.869
111 110 142
5 5 1251 0 0 1097 0 1 1210 0 2 1279 0 4 1081 0
7.98985 0.642583 162.361
38 54 79
3 0 431 0 3 520 0 2 425 0
15.0896 0.308266 162.308
47 62 91
2 0 1373 0 3 1414 0
18.3917 2.26327 162.199
182 177 173
2 0 1486 0 3 1548 0
7.26752 14.6458 163.04
213 203 214
3 5 478 0 0 335 0 3 405 0
11.5307 3.70242 162.365
50 65 94
2 0 1075 0 3 1085 0
2.4529 6.39201 162.842
181 177 174
3 0 73 0 3 167 0 2 5 0
18.0119 14.5121 162.844
38 54 25
2 0 469 0 4 712 0
27.9363 13.7231 162.446
186 168 156
2 0 199 0 4 120 0
15.9624 3.55941 162.34
99 103 114
2 0 689 0 3 715 0
-0.646471 14.0995 162.926
23 33 35
2 0 1082 0 3 1152 0
15.3816 -4.20895 162.132
157 153 150
2 0 718 0 3 490 0
20.8681 -15.3243 161.835
189 181 179
2 0 940 0 3 927 0
30.3447 27.6713 162.775
210 214 163
2 5 263 0 1 142 0
25.0006 13.5288 162.707
247 236 232
2 0 1453 0 4 1418 0
30.0373 29.5585 163.087
193 199 139
2 1 922 0 4 737 0
20.8807 22.0753 162.935
189 194 136
3 5 377 0 0 308 0 1 255 0
15.7492 -0.536935 162.257
154 153 158
2 0 593 0 3 591 0
29.349 23.0179 162.695
88 104 55
2 1 334 0 4 509 0
13.812 7.94465 162.548
182 199 128
3 5 1122 0 0 744 0 2 1226 0
22.3754 -14.6246 161.589
168 163 159
2 0 888 0 3 829 0
15.73 11.2768 162.716
202 195 169
3 0 1315 0 2 1582 0 4 1251 0
19.5463 2.43362 162.397
211 202 197
2 0 1283 0 3 1292 0
13.6583 9.57959 162.886
129 145 72
2 0 936 0 3 948 0
34.7497 34.3698 162.658
197 202 146
2 1 450 0 4 472 0
22.5424 14.5841 162.712
254 247 254
3 5 1069 0 0 902 0 1 1042 0
15.0896 0.308266 162.308
47 62 91
2 0 1372 0 3 1413 0
27.3701 36.4185 162.817
228 218 229
2 1 1562 0 4 1347 0
20.0423 10.0581 162.395
195 192 185
3 0 690 0 3 856 0 4 285 0
30.4421 9.16126 162.386
192 184 181
2 0 783 0 4 741 0
15.6803 18.7315 162.813
155 165 102
2 0 1134 0 4 1071 0
18.9608 17.4032 162.825
81 94 138
4 5 440 0 0 478 0 1 485 0 4 506 0
10.3481 19.1042 163.048
180 175 171
2 0 1485 0 4 1452 0
32.5277 5.26466 162.096
210 205 202
2 0 1491 0 4 1462 0
16.2213 17.9888 162.983
50 72 34
2 0 789 0 4 863 0
20.0831 -6.39623 162.16
157 163 89
2 0 966 0 3 1163 0
20.7586 16.0967 162.707
116 120 157
3 5 596 0 0 240 0 1 526 0
8.81223 21.9193 162.882
27 42 63
2 0 587 0 3 382 0
16.3736 17.7351 163.052
77 101 67
4 5 1363 0 0 1221 0 1 1303 0 4 1206 0
6.87967 11.748 163.061
211 207 160
2 5 803 0 2 961 0
27.4823 26.2493 162.839
171 182 126
2 1 960 0 4 713 0
15.7325 8.35844 162.722
165 181 108
2 5 1220 0 3 1053 0
11.834 -2.10671 162.175
70 79 94
2 0 755 0 3 855 0
14.0082 -13.5739 161.335
180 175 172
2 0 764 0 3 921 0
7.21277 16.9845 163.106
171 166 162
2 0 1234 0 4 1141 0
28.8648 12.5069 162.488
204 197 191
2 0 444 0 4 491 0
8.78931 4.06022 162.454
61 69 115
3 5 229 0 3 221 0 2 95 0
5.15555 18.2724 162.963
31 43 65
3 0 627 0 3 683 0 4 638 0
10.9633 5.67829 162.49
178 191 122
3 5 433 0 0 358 0 2 170 0
22.1662 -2.98606 162.267
135 162 69
2 0 568 0 3 458 0
42.2274 -4.81351 161.531
201 199 200
2 0 721 0 4 732 0
32.5569 1.53896 162.055
99 121 48
2 0 327 0 4 371 0
5.12981 0.760671 162.591
106 134 73
2 3 11 0 2 207 0
26.8761 0.976383 162.168
117 150 61
2 0 869 0 4 844 0
30.7216 15.3508 162.521
226 216 214
2 0 353 0 4 458 0
7.17666 18.9062 162.99
166 164 165
3 0 1084 0 3 1138 0 4 1090 0
33.4599 31.9514 162.779
173 183 122
2 1 1208 0 4 1110 0
25.6938 29.3708 162.995
231 222 189
3 5 763 0 1 596 0 4 525 0
24.1818 2.26957 162.631
152 171 81
2 0 750 0 3 776 0
17.6334 25.5852 163.033
189 189 189
2 0 741 0 4 716 0
