drews 1.0
5 708
0.555518 0 0
0.745098 -0.666955 0.000611017
-0.666743 -0.744884 -0.0245581
0.0168343 0.0178908 -0.999698
-26.4459 24.414 197.966
0.555518 0 0
0.775162 -0.63176 0.00185067
-0.631537 -0.77496 -0.0244792
0.0168991 0.0178065 -0.999699
-23.6801 -17.2043 199.12
0.555518 0 0
0.77032 -0.637655 0.00166753
-0.637433 -0.770115 -0.0245429
0.0169341 0.0178429 -0.999697
-26.284 10.0431 198.437
0.555518 0 0
0.734581 -0.678522 0.000314707
-0.678311 -0.734365 -0.0245689
0.0169016 0.0178344 -0.999699
-26.6218 38.3358 197.581
0.555518 0 0
0.782759 -0.622322 0.00208981
-0.622096 -0.782557 -0.0245077
0.0168871 0.0178836 -0.999697
-24.7767 -3.74504 198.702
27.6967 22.4152 161.463
32 45 27
2 0 1057 0 3 1083 0
29.1038 8.57507 161.354
216 206 207
2 0 1160 0 3 1206 0
-10.857 -21.4239 160.863
125 126 84
2 1 1128 0 4 1173 0
-9.3318 -17.0077 160.366
133 139 79
2 1 482 0 4 606 0
25.8114 6.95647 161.399
175 171 172
2 0 487 0 3 781 0
53.9459 -23.125 159.769
194 182 182
2 0 299 0 3 728 0
17.9732 9.02396 161.504
32 45 38
2 0 1190 0 2 1282 0
52.691 -29.9673 159.307
153 138 143
2 0 1102 0 2 1173 0
12.0477 -30.0687 160.058
185 173 187
2 1 1303 0 4 1401 0
34.114 -5.58303 160.994
34 49 26
2 0 631 0 2 661 0
23.0485 2.96146 161.323
182 176 176
2 0 1111 0 3 1137 0
66.4086 -13.0093 159.467
198 185 177
2 0 1091 0 3 1221 0
45.6802 -18.1313 160.688
34 40 36
3 0 359 0 2 465 0 3 312 0
15.8757 10.9132 161.416
124 139 58
2 0 19 0 2 212 0
-10.6405 -10.3012 160.988
76 88 42
2 1 646 0 4 456 0
19.447 26.6605 161.592
28 36 57
2 0 1069 0 3 1111 0
62.5207 -17.4321 159.275
175 160 163
2 0 807 0 3 820 0
52.5359 -27.4799 159.343
179 168 176
2 0 420 0 2 471 0
52.5071 -17.2094 160.207
124 146 74
2 0 862 0 3 913 0
9.4492 -19.5635 160.949
31 41 40
2 1 1309 0 4 1386 0
9.46232 -23.109 160.573
98 99 130
3 1 521 0 2 718 0 4 728 0
50.4362 -8.95773 160.664
141 123 103
2 0 1344 0 3 1361 0
28.2032 1.89124 161.293
123 140 72
2 0 230 0 2 358 0
32.4514 3.34193 161.155
178 172 176
3 0 484 0 2 455 0 3 418 0
10.788 -13.2441 161.121
27 44 12
2 2 1482 0 4 1501 0
12.4863 5.99835 161.478
168 168 132
2 0 791 0 2 913 0
14.185 6.3246 161.445
109 132 52
2 0 642 0 2 781 0
15.5214 -15.0198 160.972
174 168 178
2 2 1347 0 4 1403 0
26.9294 2.85143 161.271
93 121 47
3 0 1173 0 2 1273 0 3 1231 0
5.24438 5.60633 161.584
182 169 150
3 0 208 0 2 334 0 4 154 0
55.7324 0.523918 160.364
107 113 75
2 0 327 0 3 547 0
-4.99143 -7.03493 161.26
180 174 142
3 1 522 0 2 634 0 4 602 0
39.0389 -10.4939 160.955
168 166 169
2 0 307 0 2 504 0
39.0831 -17.5452 160.776
36 42 42
2 0 239 0 2 480 0
40.8564 -8.6244 160.727
58 67 96
2 0 1143 0 3 1189 0
3.74681 10.8248 161.497
154 152 155
2 0 219 0 2 367 0
34.1022 2.65259 161.042
177 171 171
2 0 865 0 2 973 0
12.1397 2.81042 161.234
40 46 72
2 0 197 0 2 346 0
31.9899 -14.568 161.034
150 144 144
2 0 656 0 2 785 0
49.727 -29.497 159.356
84 81 108
2 0 1036 0 2 1141 0
44.3693 -16.9053 161.071
192 185 192
2 0 297 0 2 869 0
24.5009 -2.7137 162.811
137 161 77
2 0 1340 0 2 1447 0
-5.02149 -11.6544 160.788
140 148 75
2 1 405 0 4 591 0
21.8499 -50.5842 158.008
151 138 148
2 1 1019 0 4 1037 0
9.35658 0.47525 161.28
35 43 66
2 0 229 0 4 388 0
13.7821 7.20663 161.452
27 43 14
2 0 1086 0 2 1220 0
11.1092 -18.5662 160.808
177 165 175
2 1 1201 0 4 1267 0
12.8592 -6.07125 160.947
166 158 171
2 2 1503 0 4 1522 0
9.87033 -8.10369 160.767
42 56 30
2 2 1473 0 4 1487 0
19.4222 -46.8561 157.997
104 83 92
2 1 981 0 4 1071 0
31.146 5.42309 161.285
210 204 204
3 0 909 0 2 932 0 3 964 0
22.4908 9.94039 161.432
176 171 175
3 0 325 0 2 15 0 3 510 0
-11.3547 -16.8252 161.146
130 136 92
2 1 1035 0 4 1078 0
56.1282 -19.656 159.68
61 62 92
3 0 1277 0 2 1380 0 3 1305 0
18.0191 24.985 161.621
40 49 78
2 0 757 0 3 769 0
14.3007 -1.11684 161.279
41 51 76
2 0 1390 0 2 1498 0
6.71719 -27.9037 160.45
170 159 176
2 1 1135 0 4 1242 0
31.1127 4.60642 161.269
182 178 179
3 0 326 0 2 551 0 3 586 0
14.1573 -2.24351 161.281
44 51 77
3 0 839 0 2 922 0 4 858 0
52.1236 -11.7362 160.704
225 214 220
2 2 396 0 3 387 0
14.3007 -1.11684 161.279
41 51 76
2 0 1389 0 2 1497 0
31.5136 7.26573 161.311
150 144 144
2 0 1242 0 3 1253 0
21.1889 -47.3443 157.94
45 34 48
2 1 762 0 4 889 0
29.0078 25.5992 161.464
157 163 93
2 0 567 0 3 469 0
17.7572 -5.53938 161.342
167 156 136
3 0 561 0 2 725 0 4 700 0
17.5308 14.6241 161.643
34 49 30
2 2 868 0 3 886 0
8.84103 3.14621 161.256
31 38 57
2 0 240 0 2 86 0
35.3519 -15.5889 160.888
45 50 70
2 0 562 0 2 619 0
13.9638 8.01491 161.512
112 133 56
2 0 800 0 2 940 0
10.8286 -18.7237 160.677
179 169 167
2 2 754 0 4 664 0
34.8436 4.40159 161.148
191 186 166
2 0 775 0 3 790 0
16.6387 14.8788 161.736
29 42 22
2 0 266 0 2 159 0
18.7564 -22.1903 161.242
225 213 225
2 1 1279 0 4 1290 0
10.3595 -8.1812 161.224
29 46 10
2 2 454 0 4 323 0
13.3098 10.7718 161.706
36 50 25
3 0 276 0 2 140 0 3 237 0
55.2541 -9.7683 160.794
136 145 90
2 0 927 0 3 930 0
18.7781 11.9025 161.423
94 112 38
2 0 282 0 2 525 0
8.91591 2.43822 161.238
39 46 72
2 0 380 0 2 327 0
26.4158 7.36771 161.399
184 178 182
2 0 123 0 2 111 0
27.9007 4.43768 161.304
157 153 154
3 0 794 0 2 750 0 3 339 0
17.7687 -1.09006 161.272
146 144 155
3 0 249 0 2 96 0 4 251 0
32.0124 6.04405 161.165
153 149 148
2 0 1180 0 3 1238 0
14.1857 10.9307 161.575
101 118 64
2 0 1303 0 2 1422 0
5.59291 -1.08445 161.266
26 35 16
2 0 330 0 2 220 0
12.0259 -26.2595 160.295
214 198 209
2 1 932 0 4 1005 0
5.16649 12.7651 161.49
145 140 144
2 0 806 0 2 880 0
11.0658 -31.4877 160.309
196 184 196
2 1 1373 0 4 1481 0
23.0385 10.9188 161.457
185 179 181
3 0 581 0 2 683 0 3 651 0
6.43768 -15.1518 161.245
123 144 69
2 2 1386 0 4 1400 0
20.5014 7.28399 161.359
189 184 181
2 0 1040 0 3 1097 0
13.8456 -22.3432 160.553
57 69 119
3 1 1206 0 2 1236 0 4 1263 0
26.9803 8.3035 161.329
180 174 176
3 0 468 0 2 519 0 3 558 0
18.3116 2.42528 161.377
166 161 165
2 0 373 0 2 610 0
24.705 2.50549 161.26
112 128 57
2 0 828 0 3 951 0
-2.65649 -19.6954 160.744
130 142 78
2 1 280 0 4 243 0
17.4938 12.933 161.601
133 144 76
3 0 383 0 2 343 0 3 267 0
16.4609 -2.98601 161.225
48 53 73
3 0 715 0 2 786 0 4 754 0
10.3595 -8.1812 161.224
29 46 10
2 2 453 0 4 322 0
15.4301 -6.21709 161.213
137 130 137
3 0 741 0 2 783 0 4 648 0
20.2382 -48.8163 157.969
174 162 174
2 1 141 0 4 301 0
34.7269 -11.4468 160.973
144 143 125
2 0 316 0 2 224 0
12.4292 -29.3425 160.28
196 182 197
2 1 842 0 4 1029 0
41.5554 6.23116 161.007
37 60 14
2 0 666 0 3 657 0
8.58189 -35.521 160.218
123 146 74
2 1 719 0 4 575 0
7.22483 1.80504 161.343
32 44 70
2 0 1292 0 4 1445 0
-11.0259 -1.90164 161.715
85 82 109
2 1 912 0 4 902 0
59.1158 -10.4581 161.026
136 154 106
2 0 977 0 3 1103 0
8.72588 12.5861 161.715
105 129 43
2 0 1218 0 2 1337 0
18.4115 11.4045 161.474
128 141 72
2 2 637 0 3 512 0
35.9965 -13.0294 160.926
147 142 148
2 0 91 0 2 0 0
23.414 4.55719 161.372
165 160 164
3 0 1072 0 2 1170 0 3 1055 0
18.5175 16.2547 161.495
41 44 61
2 0 469 0 2 548 0
16.3126 22.5718 161.593
41 55 84
2 0 1125 0 3 1174 0
63.3261 -16.7603 159.474
187 173 170
2 0 884 0 3 1002 0
57.719 -15.6515 159.949
181 167 164
2 0 560 0 2 617 0
48.3856 -15.8006 160.929
209 201 199
2 0 1350 0 2 1471 0
29.5067 21.1302 161.374
48 66 16
2 0 137 0 3 318 0
8.12483 2.71922 161.306
146 144 149
3 0 641 0 2 726 0 4 680 0
16.985 -29.2061 160.832
48 49 80
2 1 1029 0 4 1296 0
17.1238 -25.8568 160.426
213 202 218
2 1 408 0 4 362 0
-19.3058 -14.1693 161.738
201 190 204
2 1 658 0 4 695 0
-1.17472 -11.2321 161.371
132 138 74
2 1 1182 0 2 1270 0
20.0221 26.155 161.575
110 113 130
2 0 107 0 3 167 0
3.45841 -13.2517 161.061
117 127 64
2 2 1033 0 4 1061 0
12.1909 -33.5615 160.232
122 133 90
2 1 1125 0 4 1160 0
14.579 21.6658 161.604
159 154 158
2 0 381 0 3 141 0
13.6185 -14.2869 160.424
191 180 196
2 1 734 0 4 743 0
55.7886 -15.1558 160.582
76 114 39
2 0 1335 0 3 1350 0
41.962 -9.48865 160.795
169 164 168
3 0 953 0 2 1028 0 3 1006 0
35.9119 -9.22703 160.958
26 38 24
3 0 683 0 2 751 0 3 807 0
25.4073 12.4289 161.417
204 193 187
2 0 748 0 3 785 0
51.0265 -16.5026 160.511
31 46 25
3 0 926 0 2 931 0 3 1051 0
-1.73686 -29.1322 160.28
122 144 69
2 1 80 0 4 43 0
18.7512 0.375454 161.412
164 158 160
2 0 1370 0 2 1485 0
33.2948 -51.1497 158.153
167 156 173
2 1 1028 0 4 1001 0
13.8392 -36.1708 160.214
123 144 87
2 1 348 0 4 292 0
11.1895 -0.75781 161.229
31 41 66
2 0 1167 0 4 1310 0
16.1053 -7.04292 161.062
143 138 142
2 0 394 0 4 555 0
16.6714 -7.37802 161.117
122 118 117
3 0 460 0 2 793 0 4 876 0
36.0293 1.92922 161.083
185 179 181
2 0 540 0 3 288 0
9.75494 -23.9665 160.576
45 56 101
2 1 1175 0 4 1275 0
13.4656 9.23422 161.982
98 121 41
2 0 769 0 2 918 0
2.09382 -30.0184 160.437
179 168 184
2 1 1095 0 4 1129 0
7.44708 3.36514 161.391
131 125 125
2 0 1321 0 2 1433 0
37.1114 -13.7885 160.958
83 82 100
2 0 643 0 2 652 0
13.7295 -3.71819 161.161
159 153 167
2 2 372 0 4 460 0
15.4949 -21.8167 160.737
74 79 119
2 1 1419 0 4 1520 0
5.80598 -29.1205 160.534
152 144 157
2 1 205 0 4 579 0
11.904 -3.94189 161.145
52 60 83
3 0 740 0 2 837 0 4 820 0
9.23523 -4.25534 161.064
158 150 137
3 0 311 0 2 98 0 4 150 0
-12.0962 -4.85271 161.602
174 163 179
2 1 1123 0 4 1175 0
31.9899 -14.568 161.034
150 144 144
2 0 655 0 2 784 0
9.31615 1.9231 161.255
115 114 130
2 0 365 0 2 354 0
-11.9435 -3.89216 161.805
182 169 186
2 1 2 0 4 192 0
33.1569 -2.40235 161.12
49 62 32
3 0 1269 0 2 1375 0 3 1293 0
12.6612 -5.46745 161.101
149 144 148
3 0 958 0 2 1073 0 4 1049 0
13.3157 -19.0865 160.939
52 59 103
2 1 1284 0 2 1362 0
51.6377 -9.79061 160.697
179 169 167
2 0 497 0 3 503 0
16.7348 -14.3015 160.976
158 155 164
2 2 1299 0 4 1346 0
7.5632 15.7382 161.526
154 150 151
2 0 1046 0 2 1123 0
54.2782 -6.21445 160.615
162 151 149
2 0 786 0 3 865 0
8.81675 6.6101 161.681
37 48 18
2 0 347 0 2 477 0
50.2628 -16.634 160.527
106 128 66
3 0 700 0 2 861 0 3 693 0
11.0284 -16.2539 160.572
121 141 70
2 1 106 0 4 37 0
17.3612 -12.3318 160.842
159 153 163
2 2 1190 0 4 1135 0
20.2436 -12.7519 161.02
106 129 59
2 2 583 0 4 626 0
14.6384 1.86907 161.267
120 119 135
3 0 128 0 2 270 0 4 289 0
-7.34521 -4.65256 161.595
138 144 84
2 1 911 0 4 892 0
17.0972 -26.9762 160.319
194 184 192
2 2 119 0 4 175 0
10.6995 0.315026 161.194
135 135 145
3 0 891 0 2 1031 0 4 1011 0
66.399 -12.2669 158.154
133 140 99
2 0 1341 0 3 1376 0
55.6687 -8.71373 160.785
153 159 111
2 0 96 0 3 81 0
14.2707 -19.6499 160.697
184 176 197
3 1 1046 0 2 1093 0 4 1093 0
-16.6728 -15.9826 161.751
38 45 27
2 1 761 0 4 919 0
11.6568 -1.20272 161.248
31 39 60
3 0 374 0 2 391 0 4 314 0
35.3418 2.42841 161.071
190 184 184
2 0 673 0 3 801 0
44.0126 6.55943 160.905
36 57 14
2 0 444 0 3 474 0
20.1251 -11.5293 160.996
107 129 56
2 2 826 0 4 704 0
-14.0081 -17.9861 161.331
112 125 55
2 1 580 0 4 507 0
25.7262 7.92768 161.188
186 180 182
2 0 745 0 3 1010 0
12.988 -23.6612 160.519
194 189 212
3 1 70 0 2 105 0 4 77 0
16.3674 -19.2883 160.735
83 86 119
3 1 755 0 2 840 0 4 810 0
28.6335 11.8632 161.254
169 149 142
2 0 205 0 3 160 0
-8.30656 -3.33057 161.869
170 160 169
2 1 1332 0 4 1434 0
10.0991 -24.1655 160.493
66 69 104
2 1 364 0 2 214 0
13.3057 -5.96871 161.209
171 165 179
2 2 79 0 4 380 0
16.7281 -24.6084 160.454
213 202 218
2 1 604 0 4 769 0
16.0457 -1.66768 161.248
58 65 91
3 0 864 0 2 979 0 4 1002 0
-8.34395 -4.47625 161.681
109 130 61
2 1 1080 0 2 1214 0
43.8886 -11.752 160.588
226 216 225
2 2 577 0 3 395 0
13.8392 -36.1708 160.214
123 144 87
2 1 347 0 4 293 0
-3.17789 -18.4822 160.699
121 135 73
2 1 600 0 4 684 0
-13.7487 -16.6311 161.381
130 139 86
2 1 566 0 4 696 0
21.9034 -3.95751 161.331
132 149 79
2 2 640 0 4 775 0
24.8715 28.5715 161.518
136 141 87
2 0 182 0 3 223 0
-4.05502 -11.591 160.843
122 133 57
2 1 1057 0 4 1104 0
-13.326 -19.7652 161.343
112 121 64
2 1 667 0 4 573 0
40.7552 -10.0494 160.816
166 164 165
3 0 661 0 2 698 0 3 634 0
34.6995 -14.3774 160.938
52 63 85
2 0 1324 0 2 1444 0
39.9642 -16.4722 160.794
52 58 80
2 0 849 0 2 928 0
4.90208 9.54144 161.495
154 152 127
3 0 499 0 2 529 0 4 264 0
11.1883 -0.75419 161.229
31 41 66
3 0 1166 0 2 1277 0 4 1309 0
21.6924 29.228 161.541
155 153 164
2 0 252 0 3 334 0
17.3012 23.2348 161.581
134 129 136
2 0 753 0 3 826 0
-18.9202 -16.4801 161.793
194 176 174
2 1 639 0 4 724 0
14.5473 -3.36092 161.171
143 137 141
3 0 1191 0 2 1303 0 4 1360 0
22.5503 3.45015 161.099
165 160 164
2 0 472 0 3 571 0
17.0441 0.15046 161.248
165 161 162
2 0 1031 0 2 1132 0
16.5143 15.4656 161.699
57 76 30
3 0 173 0 2 120 0 3 182 0
21.263 -46.5693 158.027
187 170 178
2 1 826 0 4 865 0
17.0886 -19.1527 160.765
183 174 191
2 1 627 0 4 701 0
39.6879 -12.0663 160.831
170 164 166
2 0 1056 0 3 1110 0
16.3547 -33.2796 160.542
30 26 53
2 1 23 0 4 911 0
9.05983 -22.0981 160.675
41 50 93
2 1 990 0 4 1086 0
3.99591 13.2258 161.564
38 48 75
2 0 628 0 2 695 0
21.9418 -13.0423 161.041
95 123 36
3 0 210 0 2 749 0 4 773 0
42.7732 -7.46794 160.766
185 184 190
3 0 636 0 2 677 0 3 690 0
34.8326 1.961 161.051
173 165 176
2 2 1082 0 3 1046 0
-10.1592 -5.58735 161.695
161 162 131
3 1 191 0 2 331 0 4 537 0
-8.76371 -4.08249 161.727
173 169 158
2 1 125 0 2 517 0
2.64842 6.50762 161.672
142 137 141
2 0 845 0 2 915 0
-10.8627 -7.26027 161.469
124 139 74
2 1 1222 0 4 1354 0
18.4073 -7.64462 161.343
23 34 17
3 0 703 0 2 664 0 4 485 0
9.15601 -25.2206 160.512
88 88 124
2 1 615 0 4 672 0
-17.6365 -13.0994 161.647
178 161 167
2 1 241 0 4 470 0
16.3443 0.355829 161.246
51 57 79
3 0 421 0 2 492 0 4 484 0
48.8741 -17.9362 160.168
27 39 27
2 0 1250 0 3 1236 0
56.5163 -17.6365 159.862
197 180 186
2 0 1287 0 3 1289 0
23.3182 7.23624 161.307
181 175 177
2 0 255 0 3 322 0
19.2112 6.49172 161.293
92 112 49
3 0 1155 0 2 1296 0 3 1187 0
5.79452 -24.2557 171.608
42 56 41
2 1 389 0 4 625 0
10.7925 1.10285 161.264
47 58 86
3 0 1043 0 2 1150 0 4 1150 0
56.1971 -1.41605 160.401
207 197 198
2 0 678 0 3 715 0
15.597 -11.4937 160.865
172 166 176
2 2 1000 0 4 1100 0
17.5281 9.76003 161.439
149 150 132
2 0 353 0 3 252 0
31.4015 8.23885 161.078
164 158 160
2 0 541 0 3 424 0
26.6994 -49.3609 158.025
182 169 179
2 1 250 0 4 428 0
10.0573 -3.6374 161.042
39 49 76
3 0 1126 0 2 1244 0 4 1306 0
16.9425 -15.6868 160.753
162 156 166
2 2 1434 0 4 1472 0
12.4019 1.11531 161.189
39 49 74
2 0 538 0 4 620 0
5.22693 1.7768 161.409
43 50 69
2 0 1150 0 2 1249 0
25.7052 1.13391 161.195
98 126 42
2 0 291 0 3 595 0
16.4376 1.50328 161.279
89 95 119
2 0 1311 0 2 1421 0
36.5955 3.3425 161.049
185 183 162
2 0 627 0 3 519 0
13.9142 20.52 161.581
44 53 82
2 0 1177 0 3 1212 0
-19.988 -15.6228 161.813
178 162 175
2 1 218 0 4 382 0
49.4109 -36.0898 159.177
156 150 134
2 0 21 0 2 203 0
22.9332 7.98253 161.386
175 169 171
2 0 665 0 3 694 0
5.82708 10.6938 161.548
142 149 108
2 0 62 0 2 108 0
32.9934 -13.3517 160.981
45 52 71
3 0 1089 0 2 1169 0 4 1154 0
20.6443 0.771483 161.303
105 128 56
2 0 351 0 2 486 0
33.8782 -4.8806 161.048
143 157 98
2 2 375 0 3 270 0
5.21733 -35.4972 162.591
173 166 174
2 1 1205 0 4 1219 0
6.55862 -12.1062 161.395
122 132 71
2 1 316 0 4 120 0
23.7009 14.4775 161.402
205 195 183
2 0 376 0 3 641 0
13.861 -18.7944 160.739
80 87 129
2 1 1059 0 4 1110 0
20.1449 -8.54395 161.251
134 144 73
2 0 799 0 2 900 0
3.41505 7.87146 161.603
147 143 144
2 0 477 0 2 348 0
-14.6643 -15.141 161.508
130 142 78
2 1 1064 0 4 1236 0
6.46239 -12.6124 161.418
125 135 72
2 1 1302 0 4 1395 0
8.91843 2.43696 161.242
39 46 72
3 0 379 0 2 326 0 4 210 0
13.3371 -7.43044 160.967
168 162 172
2 2 600 0 4 569 0
14.0046 -20.7836 160.639
51 63 105
2 2 937 0 4 915 0
15.4349 3.89083 161.055
188 181 163
2 0 725 0 2 1020 0
11.3334 -24.3993 160.528
187 178 195
3 1 851 0 2 1013 0 4 971 0
10.792 -5.02972 160.971
162 156 166
2 2 1459 0 4 1493 0
22.134 19.7435 161.625
98 122 38
2 0 1034 0 3 1136 0
8.33205 -5.8854 161.316
102 126 50
2 2 620 0 4 665 0
25.2271 8.60952 161.506
175 169 171
3 0 902 0 2 1067 0 3 1024 0
33.8507 -0.0782998 161.075
56 73 39
3 0 1275 0 2 1376 0 3 1306 0
41.5589 -10.205 160.847
186 180 192
2 2 122 0 3 261 0
17.1557 2.03722 161.27
78 83 103
2 0 608 0 2 659 0
22.849 8.81468 161.366
178 174 175
3 0 662 0 2 733 0 3 561 0
28.2127 25.4425 161.447
90 104 51
2 0 1074 0 3 1126 0
38.6917 -10.0438 160.868
44 56 80
3 0 967 0 2 1055 0 3 1037 0
13.3501 -29.2111 160.164
215 203 215
2 1 1207 0 4 1289 0
54.2632 -3.70742 160.625
192 186 186
2 0 1115 0 3 1134 0
17.5556 -23.8805 160.448
216 204 218
2 1 801 0 4 871 0
26.145 14.1719 162.082
121 140 58
2 0 880 0 3 464 0
9.89472 -34.5506 160.898
141 190 197
2 1 1169 0 4 1321 0
19.7951 1.42847 161.026
168 159 160
2 0 48 0 2 328 0
18.5936 13.4632 161.49
26 40 27
2 0 1297 0 2 1387 0
32.797 0.267675 161.193
128 142 80
2 0 413 0 2 535 0
10.8936 -13.1654 160.972
30 46 19
3 1 968 0 2 965 0 4 963 0
-8.57843 -23.6452 160.41
98 116 54
2 1 790 0 4 1082 0
6.02946 10.0982 161.364
99 127 42
2 0 1212 0 2 1345 0
17.7979 12.2568 161.473
110 124 45
2 0 1257 0 2 1373 0
51.7752 -11.5897 161.275
209 199 198
2 0 1381 0 3 1396 0
-8.96006 0.629328 161.81
62 64 102
2 1 623 0 4 706 0
10.9995 -16.2442 160.811
100 127 50
2 2 290 0 4 38 0
34.1022 2.65259 161.042
177 171 171
2 0 866 0 2 972 0
59.4545 -5.57121 161.24
116 145 65
2 0 204 0 3 52 0
14.0173 10.4036 161.574
41 58 14
3 0 659 0 2 686 0 3 617 0
21.6152 -48.1757 158.051
160 148 160
2 1 452 0 4 406 0
26.5506 5.46526 161.51
191 183 194
2 2 1298 0 3 1172 0
16.0128 -3.44004 161.227
39 45 69
3 0 1207 0 2 1313 0 4 1357 0
16.0511 3.35387 161.202
174 168 168
2 0 1325 0 2 1438 0
17.0764 -20.1723 160.701
171 167 190
2 1 695 0 4 768 0
17.5671 18.1993 161.527
155 145 143
2 0 833 0 3 924 0
42.0827 -6.97044 160.756
56 67 97
3 0 1120 0 2 1196 0 3 1159 0
19.7745 10.6588 161.375
88 109 42
2 0 1087 0 2 1164 0
37.0107 -10.1318 160.931
81 91 82
2 0 1122 0 2 1174 0
24.8715 28.5715 161.518
136 141 87
2 0 183 0 3 222 0
10.9288 -12.6475 161.078
116 134 74
3 1 354 0 2 332 0 4 423 0
50.1078 -7.83237 160.455
200 195 192
2 0 875 0 3 796 0
19.1375 2.62388 161.237
166 161 165
2 0 1393 0 2 1504 0
52.3882 -14.1508 160.663
158 170 120
2 2 1096 0 3 1114 0
44.1526 -5.72537 160.928
173 169 170
2 0 1032 0 2 1159 0
8.03656 -20.9677 160.837
20 33 24
2 2 1232 0 4 1227 0
13.2571 19.9565 161.647
52 58 80
2 0 712 0 3 642 0
44.8804 -12.626 160.587
199 190 191
2 0 436 0 3 470 0
17.6196 -18.8048 161.678
188 177 193
2 1 960 0 4 781 0
14.4247 -22.8302 160.549
50 61 106
3 1 46 0 2 101 0 4 101 0
37.7617 0.0109367 160.929
161 155 157
2 0 943 0 2 998 0
-8.64097 -8.75172 161.1
119 132 63
2 1 822 0 4 874 0
-9.02988 -2.09493 161.77
161 150 167
2 1 1193 0 4 1285 0
6.85817 15.7696 161.566
48 53 73
2 0 280 0 2 109 0
17.0318 -0.841451 161.237
43 50 78
3 0 1078 0 2 1191 0 4 1178 0
12.1185 -21.8833 160.597
51 58 100
3 1 31 0 2 77 0 4 360 0
17.5682 -27.2251 160.436
193 177 187
2 1 212 0 2 127 0
17.3284 -2.97173 161.217
151 147 148
3 0 1198 0 2 1308 0 4 1344 0
20.8832 0.505627 161.276
103 127 49
2 0 1101 0 2 1205 0
38.8214 -15.4568 160.857
52 65 99
2 0 1266 0 2 1369 0
-5.72515 -11.8497 160.877
113 129 58
2 1 768 0 4 857 0
19.4103 19.5248 161.6
172 166 168
2 0 705 0 3 755 0
52.1722 -11.1186 160.69
246 231 236
2 2 423 0 3 326 0
5.01201 13.8783 161.426
43 49 71
2 0 143 0 2 275 0
-13.6318 -20.3843 161.444
138 141 96
2 1 527 0 4 893 0
54.0405 -10.5083 160.666
214 204 202
2 0 1199 0 3 1249 0
45.2018 -6.82619 160.799
178 172 174
2 0 773 0 2 828 0
33.0928 2.61596 161.146
177 171 173
3 0 165 0 2 92 0 3 238 0
55.8482 -2.14771 160.056
202 196 196
2 0 947 0 3 1054 0
8.54792 -23.0138 160.56
44 51 93
2 1 451 0 4 280 0
21.5032 1.02802 161.262
104 121 50
2 0 455 0 2 618 0
50.0297 -9.02575 160.787
151 129 108
2 0 503 0 3 608 0
17.082 18.9037 161.573
119 113 113
2 0 719 0 3 780 0
11.4627 1.60047 161.257
53 57 84
2 2 136 0 4 340 0
22.0651 9.19875 161.507
163 158 162
2 0 1099 0 3 1131 0
15.3219 -1.54345 161.255
39 50 80
3 0 1263 0 2 1352 0 4 1387 0
40.762 -7.50201 160.796
62 70 93
3 0 51 0 2 20 0 3 94 0
-8.85117 -10.5554 160.804
111 129 53
2 1 1104 0 4 1097 0
27.2252 25.4554 161.944
146 151 85
2 0 1183 0 3 1250 0
9.88523 3.99674 161.344
38 52 29
3 0 940 0 2 1063 0 4 1060 0
66.0898 -7.85074 160.147
137 136 105
2 0 1262 0 3 1270 0
18.3176 0.071003 161.403
152 148 149
2 0 542 0 2 389 0
19.3256 17.283 161.546
67 72 94
2 0 970 0 3 1029 0
46.0483 -6.30168 160.641
177 173 174
2 0 377 0 3 411 0
12.885 -26.8944 160.372
192 179 189
2 1 361 0 4 358 0
10.8197 -34.3371 160.348
36 60 62
2 1 1051 0 4 1180 0
13.0075 -9.99219 160.943
176 170 180
2 2 539 0 4 479 0
14.1518 2.12391 161.215
67 73 95
3 0 214 0 2 228 0 4 147 0
16.1251 -36.4764 160.672
38 52 55
2 1 802 0 4 734 0
44.6221 7.68558 160.901
168 164 163
2 0 779 0 3 816 0
8.93878 -26.7479 160.397
169 157 171
2 1 696 0 4 686 0
10.1369 -0.839522 161.246
137 135 146
3 0 727 0 2 813 0 4 800 0
-3.64084 -18.924 160.653
139 149 88
2 1 500 0 4 688 0
27.2681 10.3761 161.619
213 201 201
2 0 1168 0 3 1226 0
-6.45166 -15.5399 160.495
100 117 49
2 1 1190 0 4 1190 0
-13.0895 -15.272 161.4
156 153 118
2 1 1172 0 4 1182 0
8.84946 8.29199 162
39 61 23
2 0 301 0 2 185 0
11.0361 -1.86143 161.22
41 47 71
3 0 154 0 2 263 0 4 262 0
15.6188 2.73792 161.244
175 170 174
2 0 879 0 2 975 0
-19.0651 -15.8783 161.745
204 185 191
2 1 1277 0 4 1384 0
57.6096 -16.2492 159.904
137 141 118
2 2 761 0 3 620 0
55.5699 -9.31466 160.622
153 155 106
2 0 322 0 3 320 0
18.4811 24.1739 161.611
167 166 172
2 0 511 0 3 535 0
12.8954 -24.4435 160.442
189 176 193
3 1 1129 0 2 1239 0 4 1221 0
33.3445 3.31443 161.172
205 199 199
2 0 1093 0 3 1151 0
8.56776 -4.01069 161.198
24 34 26
2 2 1069 0 4 997 0
13.7931 -15.5027 160.889
186 175 191
2 1 816 0 2 758 0
-16.1608 -18.299 161.742
101 123 51
2 1 759 0 4 642 0
3.47878 5.78967 161.586
152 146 148
2 0 1042 0 2 1117 0
15.9374 -2.43144 161.229
142 140 151
3 0 344 0 2 484 0 4 544 0
6.98672 -24.9657 160.526
74 71 102
2 1 183 0 4 230 0
23.2642 0.440025 161.198
143 153 90
2 0 371 0 2 412 0
-14.4913 -16.2729 161.554
112 125 56
2 1 1260 0 4 1362 0
59.9572 -22.9246 158.895
177 160 166
2 0 1012 0 3 1100 0
21.918 3.72076 161.16
164 159 163
2 0 1186 0 2 1295 0
4.80261 -32.5924 164.22
216 212 229
2 1 475 0 4 645 0
10.5998 -14.855 160.839
137 149 85
2 1 741 0 4 465 0
41.0049 -6.06891 160.758
181 179 193
2 2 823 0 3 811 0
39.7105 -9.01711 160.843
155 151 152
2 0 1039 0 2 1153 0
32.1225 -4.67338 161.07
117 133 68
2 0 957 0 3 963 0
2.27724 8.26411 161.359
163 158 162
2 0 170 0 2 299 0
20.6443 0.771483 161.303
105 128 56
2 0 352 0 2 487 0
7.13006 2.85375 161.332
153 152 157
2 0 717 0 4 785 0
11.7579 2.02052 161.211
42 53 83
3 0 931 0 2 1048 0 4 996 0
13.3992 10.3866 161.524
145 141 112
2 0 258 0 3 153 0
18.2727 -4.03282 161.347
103 126 46
2 0 1082 0 4 1153 0
10.7425 -19.2061 160.666
47 49 70
2 2 373 0 4 290 0
33.2802 2.9966 161.198
198 192 194
2 0 1383 0 3 1401 0
8.95226 -0.325414 161.238
35 44 75
2 2 347 0 4 171 0
5.0261 -14.0637 161.066
101 123 48
2 2 1382 0 4 1388 0
-11.1244 -16.0261 161.014
106 123 55
2 1 203 0 4 454 0
7.23623 -14.9625 161.086
143 146 89
3 1 697 0 2 653 0 4 651 0
19.4444 25.6108 161.606
148 145 154
2 0 859 0 3 955 0
42.8922 -9.20981 160.762
180 175 179
3 0 200 0 2 320 0 3 262 0
11.2815 -35.5833 160.149
33 57 59
2 1 1094 0 4 1274 0
26.6875 -50.7281 157.78
114 100 97
2 1 35 0 4 80 0
19.3081 -4.8053 161.286
90 119 39
2 2 757 0 4 694 0
5.95747 -1.60224 161.491
70 87 53
2 2 457 0 4 391 0
-0.27407 -6.8485 161.644
153 158 91
2 1 1071 0 4 1291 0
61.6157 -16.9627 158.726
191 177 176
2 0 1251 0 3 1272 0
22.3702 29.381 161.528
51 58 86
2 0 822 0 3 880 0
54.4912 -1.09854 160.49
219 212 204
2 0 1065 0 3 1052 0
13.1416 -3.22919 161.212
33 45 71
3 0 1195 0 2 1310 0 4 1358 0
16.0128 -3.44004 161.227
39 45 69
3 0 1205 0 2 1312 0 4 1356 0
8.38589 -19.0402 160.965
92 114 49
2 2 943 0 4 900 0
25.4484 5.83038 161.341
171 166 170
3 0 1028 0 2 1101 0 3 1092 0
53.1331 -1.10378 160.522
146 154 103
2 0 611 0 3 416 0
28.5122 24.6401 161.383
118 134 72
2 0 515 0 3 588 0
6.62488 -5.65858 161.376
38 57 27
2 2 854 0 4 845 0
23.1665 12.8756 161.501
204 195 196
2 0 808 0 3 862 0
64.4591 -7.20121 160.13
201 183 181
2 0 1118 0 3 1170 0
5.15125 -0.141087 161.336
29 35 47
2 0 963 0 2 1039 0
24.2967 13.6403 161.463
205 196 191
2 0 990 0 3 1034 0
40.8237 -45.6111 158.142
65 62 73
2 2 513 0 4 486 0
21.5289 10.7576 161.383
167 162 166
3 0 921 0 2 1040 0 3 888 0
18.6008 17.4104 161.551
189 183 185
2 0 718 0 3 707 0
6.50537 -2.05663 161.29
19 30 26
2 2 1126 0 4 1099 0
22.694 12.4186 161.731
182 176 178
2 0 1385 0 3 1405 0
27.7738 -48.912 158.112
27 20 38
2 1 57 0 4 450 0
37.1258 0.573734 160.951
160 156 155
2 0 629 0 2 714 0
29.1038 8.57507 161.354
216 206 207
2 0 1159 0 3 1207 0
17.7687 -1.09006 161.272
146 144 155
3 0 250 0 2 95 0 4 250 0
40.4739 -5.65992 160.766
63 68 74
3 0 117 0 2 64 0 3 170 0
5.52355 6.18935 161.508
123 136 57
3 0 874 0 2 815 0 4 801 0
17.9113 16.6197 161.564
150 143 124
2 0 676 0 3 761 0
15.7312 -28.0317 160.326
197 184 194
2 1 148 0 2 230 0
22.604 20.3535 161.445
156 159 90
2 0 302 0 3 461 0
10.9616 -26.0358 160.359
208 192 202
2 1 188 0 4 188 0
22.9329 5.89563 161.371
178 174 175
2 0 401 0 2 236 0
-0.272902 -9.10701 161.141
132 143 85
3 1 1143 0 2 1257 0 4 1223 0
51.8976 -1.52463 160.501
145 152 101
2 0 1011 0 3 1091 0
21.1027 -0.503539 161.505
174 174 140
2 0 193 0 2 360 0
18.4043 -25.2609 160.386
214 201 211
2 1 1413 0 4 1513 0
27.0141 8.74788 161.564
193 187 189
2 0 72 0 2 234 0
35.3334 2.43338 161.041
190 184 184
3 0 672 0 2 723 0 3 800 0
17.805 10.3938 161.539
95 113 37
3 0 813 0 2 927 0 3 825 0
20.4978 -46.6519 157.926
80 66 81
2 1 659 0 4 593 0
55.7369 -10.3972 160.839
160 174 115
2 0 724 0 3 721 0
18.8278 24.8987 161.639
47 54 82
2 0 965 0 3 1021 0
35.3146 -13.9569 160.954
46 52 76
2 0 370 0 2 537 0
1.78375 8.43986 162.122
152 146 150
2 0 680 0 2 651 0
4.65128 12.1894 161.555
37 45 68
2 0 949 0 2 1038 0
7.3086 -4.78191 161.417
98 123 57
2 2 902 0 4 922 0
8.04461 -5.35898 161.352
36 56 19
2 2 912 0 4 853 0
7.76082 0.914342 161.919
33 46 80
2 2 1479 0 4 1497 0
41.2606 -14.0133 160.744
98 103 132
2 2 1119 0 3 1116 0
44.1329 8.26265 160.883
52 64 78
2 0 938 0 3 988 0
6.2376 12.8 161.621
150 146 147
2 0 1354 0 2 1470 0
46.8706 -15.7518 160.887
46 52 84
3 0 1158 0 2 1110 0 3 1160 0
22.3451 -5.15126 161.405
122 147 66
2 2 462 0 4 372 0
-7.69039 -20.3905 160.109
83 91 44
2 1 377 0 4 436 0
15.2106 21.3775 161.589
174 168 170
2 0 1272 0 3 1292 0
10.5998 -14.855 160.839
137 149 85
2 1 742 0 4 467 0
36.7578 -16.1842 160.826
48 55 83
2 0 767 0 2 792 0
42.9994 -14.3519 160.78
199 193 193
2 0 1285 0 2 1391 0
14.5543 1.24317 161.232
39 50 80
3 0 756 0 2 824 0 4 805 0
12.1412 -21.8671 160.696
47 57 92
2 2 78 0 4 361 0
7.5632 15.7382 161.526
154 150 151
2 0 1047 0 2 1122 0
56.1282 -19.656 159.68
61 62 92
3 0 1276 0 2 1379 0 3 1304 0
-0.0909729 -10.108 161.229
48 63 34
3 1 1203 0 2 1226 0 4 1282 0
19.7982 7.96673 161.283
85 105 44
2 0 1051 0 2 1179 0
10.2332 13.0503 161.448
127 152 58
2 0 507 0 2 493 0
-12.0988 -16.2263 161.303
107 124 56
2 1 1119 0 4 1224 0
-14.4913 -16.2729 161.554
112 125 56
2 1 1261 0 4 1361 0
39.7154 -9.02072 160.794
155 151 152
2 0 1038 0 3 1076 0
51.9049 -27.1935 159.43
56 56 82
2 0 141 0 2 274 0
-8.4175 -5.93213 161.477
148 144 96
3 1 1036 0 2 878 0 4 1051 0
15.3227 -1.54273 161.261
39 50 80
2 0 1264 0 2 1351 0
15.1263 -18.7243 160.686
188 179 196
3 1 1316 0 2 1390 0 4 1416 0
56.3337 -9.23988 161.449
91 126 60
2 0 1060 0 3 997 0
22.8421 15.7016 161.548
55 62 81
2 0 937 0 3 1013 0
45.709 -8.55439 160.754
199 194 201
2 2 898 0 3 878 0
-6.27325 -6.5297 161.406
112 125 56
2 1 1106 0 4 1087 0
22.8702 18.9991 161.574
158 162 101
2 0 729 0 3 776 0
14.4508 -30.2076 160.591
225 213 225
2 1 1030 0 4 758 0
11.8515 3.50244 161.249
40 53 61
2 2 1314 0 4 1355 0
8.9417 -24.4873 160.526
52 59 101
2 1 1337 0 4 1432 0
15.2575 -26.6446 160.342
173 162 170
2 2 196 0 4 283 0
40.4739 -5.65992 160.766
63 68 74
3 0 116 0 2 63 0 3 169 0
27.5474 7.81483 161.343
183 177 179
2 0 1316 0 3 1337 0
25.7543 1.09911 161.382
98 126 42
2 0 290 0 2 52 0
8.00946 -27.3182 160.516
168 157 173
2 1 1020 0 4 1050 0
-2.62595 -20.5792 160.705
137 146 93
2 1 893 0 4 939 0
10.8936 -13.1654 160.972
30 46 19
3 1 967 0 2 964 0 4 964 0
8.29999 -7.15362 161.674
111 126 59
2 2 1436 0 4 1453 0
20.3714 25.5549 161.611
64 67 76
2 0 122 0 3 173 0
8.9417 -24.4873 160.526
52 59 101
2 1 1336 0 4 1431 0
-7.01274 -0.344276 161.648
166 155 171
2 1 78 0 4 19 0
9.85819 4.01509 161.31
38 52 29
2 0 941 0 2 1064 0
29.9617 -17.5475 160.954
138 134 131
2 0 466 0 2 458 0
-1.40095 -14.1588 161.041
46 61 32
2 1 1212 0 4 1300 0
-7.57345 -26.2271 159.947
138 139 97
2 1 602 0 4 220 0
31.8761 -50.2972 157.979
192 181 195
2 1 511 0 4 491 0
16.7046 8.27493 161.553
189 185 158
2 0 856 0 2 1059 0
40.7562 -7.49709 160.797
62 70 93
2 0 50 0 2 19 0
14.0072 4.07249 161.205
102 118 45
2 0 713 0 2 810 0
56.3259 0.132202 160.531
210 200 191
2 0 843 0 3 860 0
36.2808 -17.0547 160.83
38 47 42
2 0 415 0 2 544 0
12.806 3.22666 161.171
147 143 142
3 0 853 0 2 951 0 4 926 0
16.5103 6.09407 161.416
112 131 50
2 0 602 0 2 655 0
9.31579 1.92539 161.259
115 114 130
2 0 364 0 4 325 0
-12.2579 -10.422 161.485
117 134 64
2 1 779 0 4 885 0
44.799 -10.9232 160.513
175 169 171
2 0 34 0 2 416 0
38.503 -2.90442 160.857
113 131 71
2 0 1052 0 2 1137 0
11.6267 -17.2026 160.801
199 186 193
3 1 765 0 2 796 0 4 795 0
28.9032 -55.5918 157.561
78 73 80
2 1 50 0 4 531 0
28.4333 5.34541 161.252
180 176 177
2 0 242 0 3 347 0
16.0556 14.0787 161.701
114 131 61
2 0 537 0 3 523 0
50.4362 -8.95773 160.664
141 123 103
2 0 1343 0 3 1362 0
13.3166 -34.7777 160.261
120 137 85
2 1 769 0 4 824 0
-0.0721041 7.79664 161.501
138 136 141
2 0 671 0 2 748 0
55.2639 -8.91821 160.639
209 201 180
2 0 140 0 3 179 0
19.6724 -0.790666 161.379
109 118 61
2 0 304 0 2 292 0
39.0831 -17.5452 160.776
36 42 42
2 0 238 0 2 479 0
10.085 0.836334 161.286
39 43 68
3 0 244 0 2 282 0 4 242 0
10.5998 -14.855 160.839
137 149 85
2 1 743 0 4 466 0
25.0431 3.9973 161.364
165 161 162
3 0 1308 0 2 1420 0 3 1335 0
20.9615 30.47 161.503
34 44 71
2 0 147 0 3 265 0
-5.04061 -24.1971 160.253
136 144 87
2 1 773 0 4 849 0
18.3023 -4.02936 161.291
107 126 60
2 2 1168 0 4 1152 0
-7.45614 -15.7083 160.45
143 145 95
2 1 1180 0 4 1251 0
21.6747 -4.83094 161.324
85 114 32
2 0 883 0 2 1080 0
22.3292 12.42 161.458
181 175 177
2 0 1094 0 3 1122 0
28.5122 24.6401 161.383
118 134 72
2 0 514 0 3 589 0
52.4448 -30.9517 158.979
152 137 140
2 0 1255 0 2 1348 0
5.16649 12.7651 161.49
145 140 144
2 0 805 0 2 881 0
33.5957 -1.00925 161.15
133 145 81
2 2 425 0 3 559 0
39.367 -4.50593 160.917
47 59 39
2 0 616 0 3 952 0
6.3962 -28.3516 160.665
167 156 173
2 1 690 0 4 560 0
34.8371 1.96052 161.051
160 156 157
3 0 1001 0 2 1081 0 3 1047 0
8.48735 1.99007 161.261
29 39 66
3 0 1068 0 2 1181 0 4 1161 0
16.5998 13.9752 161.679
27 41 8
3 0 650 0 2 716 0 3 687 0
15.5151 -21.4399 160.634
46 58 106
3 1 942 0 2 1061 0 4 1047 0
21.3707 -5.59545 161.152
105 135 47
3 0 527 0 2 615 0 4 907 0
22.4291 5.26207 161.254
176 172 173
3 0 1214 0 2 1321 0 3 1252 0
17.7349 -24.8492 160.428
209 197 209
2 1 486 0 4 541 0
28.1714 -50.8704 158.026
239 231 244
2 1 434 0 4 422 0
26.0174 9.54795 161.316
176 170 172
2 0 459 0 3 96 0
40.9659 -6.99 160.796
143 144 162
3 0 279 0 2 307 0 3 268 0
18.5325 7.98555 161.351
140 146 84
2 2 1267 0 3 1205 0
-8.96006 0.629328 161.81
62 64 102
2 1 624 0 4 705 0
6.98672 -24.9657 160.526
74 71 102
2 1 182 0 4 231 0
37.016 3.027 161.008
196 193 178
2 0 192 0 3 375 0
19.4713 -32.3095 160.723
199 183 193
2 1 1299 0 4 1369 0
20.4618 -0.116543 161.322
115 133 57
2 0 911 0 2 1018 0
19.8762 0.52947 161.34
196 189 183
2 0 1114 0 2 1187 0
15.9566 -18.0561 161.149
186 175 191
2 1 634 0 4 617 0
24.2693 1.69302 161.135
146 139 113
2 0 308 0 2 6 0
52.5634 -27.5052 159.293
179 168 176
3 0 419 0 2 472 0 4 618 0
7.75098 -16.5575 161.026
114 139 56
2 2 960 0 4 755 0
9.8283 -1.32647 161.22
35 42 70
3 0 582 0 2 671 0 4 676 0
9.2907 4.29261 161.43
107 127 55
3 0 372 0 2 532 0 4 717 0
-11.044 -19.6528 160.949
127 135 84
2 1 732 0 4 616 0
15.5702 12.9096 162.085
115 129 50
2 0 1332 0 3 1366 0
-0.326633 -7.88706 161.425
147 152 94
2 1 1014 0 2 1006 0
-7.91915 -10.5609 160.796
155 157 94
2 1 503 0 4 638 0
-18.9831 -13.5392 161.559
203 191 205
2 1 929 0 4 1046 0
13.865 -23.9642 160.476
68 68 102
3 1 1112 0 2 1152 0 4 1157 0
-8.26062 -15.5932 160.753
112 113 69
2 1 1142 0 4 1235 0
57.1808 -6.31286 160.46
198 191 175
2 0 79 0 3 12 0
19.7887 2.85461 161.322
160 158 159
2 0 1023 0 2 1112 0
48.3211 -11.6737 160.747
213 207 211
2 0 462 0 3 431 0
31.6148 2.41118 161.121
187 181 181
3 0 1185 0 2 1245 0 3 1233 0
36.1703 -3.02695 160.905
115 131 60
2 0 615 0 2 705 0
-4.3591 -7.63615 161.033
119 133 45
2 2 388 0 4 553 0
34.1227 4.94002 161.117
193 187 175
2 0 851 0 3 1023 0
19.2944 5.30072 161.359
178 171 163
2 0 1064 0 2 1258 0
19.8819 -24.7108 160.538
136 149 103
2 1 841 0 4 918 0
9.31659 1.92392 161.259
115 114 130
3 0 366 0 2 355 0 4 324 0
31.29 -52.4443 158.08
169 165 182
2 1 587 0 4 674 0
0.425892 -7.28311 161.298
99 122 40
2 2 629 0 4 463 0
9.33251 -8.61955 161.455
79 94 63
2 2 1364 0 4 1411 0
17.4147 7.26722 161.616
106 124 50
2 0 1025 0 3 1142 0
-5.94523 -11.2018 160.947
154 159 103
2 1 653 0 4 699 0
19.6654 15.8343 161.552
49 63 92
2 0 506 0 3 498 0
36.1775 1.05196 160.998
160 156 157
3 0 1067 0 2 1125 0 3 1105 0
60.7323 -13.4994 160.104
173 170 139
2 0 1281 0 3 1288 0
15.2575 -26.6446 160.342
173 162 170
2 2 195 0 4 284 0
60.9511 -23.026 158.961
195 178 188
2 0 1007 0 3 1090 0
16.7192 -27.6423 160.268
194 181 191
3 1 518 0 2 743 0 4 668 0
12.297 8.03622 161.651
179 172 153
2 0 846 0 2 851 0
51.0117 -29.6472 159.408
170 157 164
2 0 1305 0 2 1413 0
18.4167 -18.4536 160.865
185 174 190
2 1 167 0 4 359 0
17.9559 13.0069 161.615
41 54 26
2 2 321 0 3 338 0
20.1511 9.18497 161.264
87 107 44
3 0 855 0 2 891 0 3 868 0
11.7531 -17.9901 160.603
176 165 181
3 1 1360 0 2 1445 0 4 1468 0
13.7794 3.53717 161.172
166 160 146
2 0 463 0 2 550 0
-18.0291 -15.652 161.968
125 132 88
2 1 331 0 4 169 0
38.2337 -45.6263 158.104
168 162 176
2 1 685 0 4 740 0
-0.538134 -17.1506 161.082
139 148 91
2 1 1210 0 4 1239 0
34.472 3.16189 161.115
197 191 193
3 0 694 0 2 853 0 3 757 0
41.2676 6.87603 161.083
121 148 69
2 0 771 0 3 810 0
9.59605 -0.663173 161.215
148 147 155
3 0 1154 0 2 1256 0 4 1315 0
37.782 -10.9784 160.921
164 158 158
2 0 1202 0 2 1315 0
-15.5187 -12.5157 161.851
114 131 63
2 1 1320 0 4 1430 0
14.5193 -14.4879 161.068
170 164 174
2 2 1218 0 4 1199 0
42.4981 -12.5064 160.785
202 196 196
3 0 578 0 2 724 0 3 517 0
-13.0895 -15.272 161.4
156 153 118
2 1 1170 0 4 1183 0
18.2886 -4.02594 161.4
103 126 46
2 0 1081 0 2 1167 0
-9.4543 -5.96094 161.758
104 124 55
3 1 1223 0 2 1325 0 4 1333 0
16.2584 20.0194 161.523
181 175 175
2 0 435 0 3 432 0
1.1491 -7.7313 161.502
135 147 75
2 1 512 0 4 534 0
15.9374 -2.43144 161.229
142 140 151
3 0 343 0 2 483 0 4 543 0
-7.78065 -6.03722 161.67
95 108 39
2 2 97 0 4 236 0
-12.2174 -12.898 161.24
122 131 78
2 1 90 0 4 369 0
19.6864 -50.152 157.946
143 129 142
2 1 1009 0 4 1043 0
22.101 10.701 161.376
184 176 187
2 2 342 0 3 614 0
41.962 -9.48865 160.795
169 164 168
3 0 954 0 2 1027 0 3 1007 0
29.9032 6.98552 161.372
209 203 203
2 0 1331 0 3 1351 0
-3.15625 -20.953 160.571
118 125 71
2 1 140 0 4 20 0
25.6247 2.81774 161.12
121 137 74
2 2 952 0 3 786 0
10.7636 -13.7844 160.953
123 140 69
2 1 754 0 4 812 0
43.0959 -8.25766 160.732
119 121 133
2 0 63 0 3 168 0
45.648 -9.47573 160.533
182 176 178
2 0 761 0 3 788 0
21.2328 28.5361 161.557
39 50 78
2 0 726 0 3 735 0
16.6716 -9.36744 161.064
125 123 124
3 0 895 0 2 1021 0 4 1016 0
17.6877 -1.80844 161.275
48 52 77
3 0 892 0 2 992 0 4 932 0
37.1089 3.57302 161.37
125 130 74
2 0 580 0 3 144 0
14.9209 -19.7231 160.696
61 65 102
3 1 207 0 2 293 0 4 214 0
42.6036 -6.9105 160.738
84 89 119
2 2 530 0 3 444 0
-11.9023 -13.1757 161.381
117 126 73
2 1 1215 0 4 1208 0
41.2715 -9.61743 160.802
117 118 139
2 2 674 0 3 616 0
15.2158 6.44521 161.311
108 130 48
2 0 68 0 2 161 0
22.4966 2.3763 161.285
186 185 167
3 0 206 0 2 822 0 3 744 0
18.4043 -25.2609 160.386
214 201 211
2 1 1414 0 4 1514 0
-14.4194 -10.8795 161.429
124 136 74
2 1 1073 0 4 1207 0
32.5117 -1.30979 161.18
133 137 86
3 0 574 0 2 607 0 3 605 0
22.8702 18.9991 161.574
158 162 101
2 0 728 0 3 777 0
22.8794 -4.71524 161.475
109 133 49
2 0 675 0 2 707 0
9.33251 -8.61955 161.455
79 94 63
2 2 1363 0 4 1412 0
-17.4696 -15.8938 162.125
207 200 192
2 1 426 0 4 594 0
15.186 -2.23781 161.255
35 45 72
2 0 571 0 2 633 0
-12.6394 -17.5406 161.184
99 118 52
2 1 622 0 4 774 0
17.3284 -2.97173 161.217
151 147 148
3 0 1197 0 2 1309 0 4 1345 0
15.1875 -19.8528 160.718
54 62 108
2 1 1191 0 4 1213 0
14.5086 8.70294 161.583
92 119 40
2 0 751 0 2 782 0
41.7988 -3.44472 160.878
182 176 178
2 0 923 0 2 980 0
57.3667 -7.95248 161.539
59 78 32
2 0 485 0 3 835 0
53.4311 -16.9337 160.377
68 96 47
3 0 695 0 2 608 0 3 629 0
-1.93689 -5.69902 161.414
55 69 20
2 1 723 0 4 848 0
10.1228 -13.2999 161.181
40 54 29
3 1 1273 0 2 1335 0 4 1352 0
28.0511 10.1155 161.39
176 166 165
2 0 88 0 3 413 0
31.9227 -51.8792 158.227
180 170 181
2 1 1298 0 4 1375 0
-5.37394 -17.7802 160.435
114 126 62
2 1 359 0 4 356 0
6.97524 -14.1224 161.336
125 137 71
2 1 838 0 4 921 0
7.03953 4.96905 161.579
107 131 45
2 0 1259 0 2 1378 0
-1.07636 -18.8271 161.088
133 143 83
2 1 621 0 4 860 0
44.8148 8.57148 160.866
45 54 59
2 0 647 0 3 708 0
9.32941 -17.5389 160.944
116 131 64
2 1 965 0 4 1021 0
29.7007 -15.3824 161.062
60 59 67
2 0 111 0 2 30 0
57.8252 -5.63503 160.74
197 188 173
2 0 1194 0 3 1227 0
17.0314 -0.838733 161.232
41 49 86
2 2 1192 0 4 1177 0
41.2732 -9.62241 160.802
90 94 106
3 0 607 0 2 673 0 3 615 0
51.3866 -28.61 159.357
84 79 102
2 0 682 0 2 742 0
21.1188 1.81739 161.36
180 172 170
2 0 1234 0 2 1355 0
48.5352 -19.334 165.773
34 45 51
2 0 989 0 2 846 0
18.8486 23.5294 161.604
93 90 99
2 0 701 0 3 701 0
43.5756 -14.4676 160.605
225 215 216
2 0 573 0 3 221 0
27.2543 2.46503 161.182
96 120 46
2 0 306 0 3 255 0
6.07616 5.47108 161.64
136 144 71
3 0 127 0 2 255 0 4 238 0
34.7316 -49.5507 158.14
163 154 171
2 1 1001 0 4 965 0
51.8192 -12.2736 160.651
189 177 177
2 0 180 0 2 213 0
22.1453 -11.6022 161.359
102 129 52
2 2 1010 0 4 904 0
39.2743 -16.7637 160.819
180 178 183
2 0 476 0 2 660 0
20.1556 11.5071 161.338
176 174 162
2 0 403 0 2 381 0
18.5428 -32.0961 160.56
41 42 63
2 1 756 0 4 1054 0
17.095 13.2569 161.673
40 55 16
3 0 391 0 2 496 0 3 393 0
17.7864 -32.0847 161.036
133 155 205
2 1 636 0 4 870 0
9.11248 -19.0838 160.832
26 41 18
2 2 366 0 4 295 0
16.4203 -20.5622 160.657
52 63 109
3 1 730 0 2 811 0 4 766 0
14.8102 -24.3971 160.548
183 173 181
2 2 1147 0 4 1204 0
-11.4159 -9.67516 161.544
128 136 79
2 1 729 0 4 790 0
52.1807 -11.1264 160.69
232 221 219
3 0 328 0 2 422 0 3 327 0
21.1027 -0.503539 161.505
174 174 140
2 0 194 0 2 361 0
26.7332 1.06326 161.18
92 120 35
3 0 882 0 2 1078 0 3 902 0
19.6864 -50.152 157.946
143 129 142
2 1 1010 0 4 1044 0
29.1843 5.61913 161.346
177 171 173
3 0 796 0 2 368 0 3 805 0
-2.49836 -18.7863 160.777
136 145 88
2 1 641 0 4 636 0
-8.31417 0.0874128 161.82
173 162 178
2 1 1165 0 4 1233 0
31.0861 7.08833 161.343
165 159 161
2 0 613 0 3 703 0
30.6758 7.77437 161.434
168 162 162
2 0 389 0 3 403 0
41.5554 6.23116 161.007
37 60 14
2 0 667 0 3 658 0
9.46343 -23.1001 160.594
94 98 127
2 2 717 0 4 727 0
11.1092 -18.5662 160.808
177 165 175
2 1 1202 0 4 1268 0
14.1624 -26.2411 160.391
188 172 185
2 1 616 0 4 721 0
58.1528 -23.7181 159.217
179 164 169
2 0 1233 0 3 1287 0
44.6788 9.31535 160.856
133 135 132
2 0 295 0 3 550 0
8.03656 -20.9677 160.837
20 33 24
2 2 1233 0 4 1228 0
3.92505 11.2453 161.547
74 76 89
2 0 57 0 2 91 0
54.3026 -9.10654 160.065
213 204 205
2 0 1375 0 3 1389 0
4.55396 -12.4738 161.391
119 134 69
2 1 1082 0 4 1124 0
-3.10622 -26.0817 160.482
129 141 77
2 1 751 0 4 944 0
-1.44363 -10.7038 161.212
95 109 56
2 2 692 0 4 622 0
7.63251 17.6376 161.558
144 141 148
2 0 814 0 2 1015 0
56.8871 -16.7048 159.969
182 175 156
2 0 315 0 3 61 0
-18.7965 -15.1034 161.556
197 178 182
2 1 1037 0 4 1075 0
20.183 -1.23725 161.5
175 171 142
2 0 475 0 2 685 0
16.0647 -0.230215 161.215
164 159 165
3 0 900 0 2 1044 0 4 1066 0
-4.89371 -16.5574 160.766
108 125 47
2 1 1211 0 4 1201 0
24.8215 7.75231 161.487
176 170 172
3 0 489 0 2 538 0 3 154 0
8.37872 -25.4018 160.501
194 183 197
2 1 957 0 4 1045 0
7.39999 2.3204 161.321
36 47 69
3 0 920 0 2 1011 0 4 962 0
-1.32002 -7.88099 161.236
109 127 53
3 1 1096 0 2 1146 0 4 1147 0
4.17295 -8.01444 161.22
104 126 51
2 2 1157 0 4 1226 0
-5.37394 -17.7802 160.435
114 126 62
2 1 360 0 4 355 0
